#
# A fatal error has been detected by the Java Runtime Environment:
#
#  EXCEPTION_ACCESS_VIOLATION (0xc0000005) at pc=0x00007ff9771e84eb, pid=15512, tid=6596
#
# JRE version: OpenJDK Runtime Environment (11.0.2+9) (build 11.0.2+9)
# Java VM: OpenJDK 64-Bit Server VM (11.0.2+9, mixed mode, tiered, compressed oops, g1 gc, windows-amd64)
# Problematic frame:
# V  [jvm.dll+0x6b84eb]
#
# No core dump will be written. Minidumps are not enabled by default on client versions of Windows
#
# If you would like to submit a bug report, please visit:
#   http://bugreport.java.com/bugreport/crash.jsp
#

---------------  S U M M A R Y ------------

Command Line: -agentlib:jdwp=transport=dt_socket,suspend=y,address=localhost:61137 -Dcom.sun.management.jmxremote -Dcom.sun.management.jmxremote.port=61136 -Dcom.sun.management.jmxremote.authenticate=false -Dcom.sun.management.jmxremote.ssl=false -Djava.rmi.server.hostname=localhost -Dspring.jmx.enabled=true -Dspring.application.admin.enabled=true -XX:TieredStopAtLevel=1 -Dspring.boot.project.name=bankApp -javaagent:C:\Java\Eclipse\eclipse\configuration\org.eclipse.osgi\415\0\.cp\lib\javaagent-shaded.jar -Dfile.encoding=UTF-8 com.example.bank_app.BankAppApplication

Host: 11th Gen Intel(R) Core(TM) i5-1135G7 @ 2.40GHz, 8 cores, 15G,  Windows 10 , 64 bit Build 19041 (10.0.19041.1566)
Time: Sun Mar 20 11:14:44 2022 RTZ 2 (зима) elapsed time: 255 seconds (0d 0h 4m 15s)

---------------  T H R E A D  ---------------

Current thread (0x0000016833a31800):  VMThread "VM Thread" [stack: 0x0000004a5af00000,0x0000004a5b000000] [id=6596]

Stack: [0x0000004a5af00000,0x0000004a5b000000],  sp=0x0000004a5affeb40,  free space=1018k
Native frames: (J=compiled Java code, j=interpreted, Vv=VM code, C=native code)
V  [jvm.dll+0x6b84eb]
V  [jvm.dll+0x341ba3]
V  [jvm.dll+0x343b41]
V  [jvm.dll+0x34436e]
V  [jvm.dll+0x34180c]
V  [jvm.dll+0x340ab2]
V  [jvm.dll+0x623b25]
V  [jvm.dll+0x6238ad]
V  [jvm.dll+0x5e942a]
V  [jvm.dll+0x5012e7]
V  [jvm.dll+0x77a02c]
V  [jvm.dll+0x7784e7]
V  [jvm.dll+0x778d10]
V  [jvm.dll+0x77901f]
V  [jvm.dll+0x633942]
C  [ucrtbase.dll+0x21bb2]
C  [KERNEL32.DLL+0x17034]
C  [ntdll.dll+0x52651]


siginfo: EXCEPTION_ACCESS_VIOLATION (0xc0000005), reading address 0x0000000000000006


Register to memory mapping:

RIP=0x00007ff9771e84eb jvm.dll
RAX=0x0000004a5affebd0 points into unknown readable memory: 57 00 00 46 00 00 00 00
RBX=0x0000004a5affeba0 points into unknown readable memory: 38 2b 3b 77 f9 7f 00 00
RCX=0x0 is NULL
RDX=0x0 is NULL
RSP=0x0000004a5affeb40 points into unknown readable memory: a0 eb ff 5a 4a 00 00 00
RBP=0x0000004a5afff0b0 points into unknown readable memory: 28 76 91 33 68 01 00 00
RSI=0x0 is NULL
RDI=0x0 is NULL
R8 =0x0 is NULL
R9 =0x000001683763d0c8 is pointing into metadata
R10=0x0000000000000001 is an unknown value
R11=0x0 is NULL
R12=0x00000168339173c8 points into unknown readable memory: 00 b2 c8 18 4f 00 00 00
R13=0x00000000000000c8 is an unknown value
R14=0x000001683763d8bd is pointing into metadata
R15=0x000000000000006c is an unknown value


Registers:
RAX=0x0000004a5affebd0, RBX=0x0000004a5affeba0, RCX=0x0000000000000000, RDX=0x0000000000000000
RSP=0x0000004a5affeb40, RBP=0x0000004a5afff0b0, RSI=0x0000000000000000, RDI=0x0000000000000000
R8 =0x0000000000000000, R9 =0x000001683763d0c8, R10=0x0000000000000001, R11=0x0000000000000000
R12=0x00000168339173c8, R13=0x00000000000000c8, R14=0x000001683763d8bd, R15=0x000000000000006c
RIP=0x00007ff9771e84eb, EFLAGS=0x0000000000010246

Top of Stack: (sp=0x0000004a5affeb40)
0x0000004a5affeb40:   0000004a5affeba0 00000000000003fe
0x0000004a5affeb50:   0000000000000000 00007ff9771e8a6b
0x0000004a5affeb60:   0000000000000000 00007ff976e71ba3
0x0000004a5affeb70:   0000000000000000 0000004a5afff220
0x0000004a5affeb80:   00000000000002b9 0000016837adc346
0x0000004a5affeb90:   0000000000000000 00007ffa1363df4c
0x0000004a5affeba0:   00007ff9773b2b38 0000000000000000
0x0000004a5affebb0:   0000000000000000 000001680000000c
0x0000004a5affebc0:   0000004a5affebd0 0000004a00000000
0x0000004a5affebd0:   0000000046000057 00000000000007ff
0x0000004a5affebe0:   4fffffff4fffffff 000001684fffffff
0x0000004a5affebf0:   0000000000000000 00007ffa110b2437
0x0000004a5affec00:   0000016834d7db30 000001680000000e
0x0000004a5affec10:   000000000000037f 0000000000000003
0x0000004a5affec20:   0000004a5afff1d8 00007ffa110b1131
0x0000004a5affec30:   0000004a5affed70 0000004a5affee10 

Instructions: (pc=0x00007ff9771e84eb)
0x00007ff9771e84cb:   cc cc cc cc cc 40 53 48 83 ec 20 c7 41 10 00 00
0x00007ff9771e84db:   00 00 48 8b d9 48 89 7c 24 38 48 8b 79 08 33 c9
0x00007ff9771e84eb:   80 7f 06 28 74 26 44 8d 49 28 8d 51 35 48 8d 0d
0x00007ff9771e84fb:   a1 8b 21 00 4c 8d 05 8a 8b 21 00 e8 b5 63 ba ff 


Stack slot to memory mapping:
stack at sp + 0 slots: 0x0000004a5affeba0 points into unknown readable memory: 38 2b 3b 77 f9 7f 00 00
stack at sp + 1 slots: 0x00000000000003fe is an unknown value
stack at sp + 2 slots: 0x0 is NULL
stack at sp + 3 slots: 0x00007ff9771e8a6b jvm.dll
stack at sp + 4 slots: 0x0 is NULL
stack at sp + 5 slots: 0x00007ff976e71ba3 jvm.dll
stack at sp + 6 slots: 0x0 is NULL
stack at sp + 7 slots: 0x0000004a5afff220 points into unknown readable memory: 08 07 3f 77 f9 7f 00 00

VM_Operation (0x0000004a5b9ff1a0): GetOrSetLocal, mode: safepoint, requested by thread 0x000001683454a000


---------------  P R O C E S S  ---------------

Threads class SMR info:
_java_thread_list=0x000001683871a3c0, length=35, elements={
0x0000016833a4a800, 0x0000016833a38800, 0x0000016834345800, 0x0000016834346800,
0x0000016834347800, 0x0000016834358800, 0x0000016834468000, 0x000001683454a000,
0x000001683454d800, 0x000001683455a000, 0x0000016834da6800, 0x0000016834fcb000,
0x0000016834fa9000, 0x0000016834fde000, 0x0000016835d59800, 0x0000016835d53000,
0x0000016835d70800, 0x0000016836a75000, 0x0000016836a7a000, 0x0000016836a7a800,
0x0000016837f9a000, 0x0000016837f99000, 0x0000016837f97800, 0x0000016837f9d000,
0x0000016837f9c800, 0x0000016837f9b000, 0x0000016837f9e000, 0x0000016837f98800,
0x00000168385c8000, 0x00000168385c9000, 0x00000168385c9800, 0x00000168385ca800,
0x00000168385cb800, 0x00000168385cc000, 0x00000168385cd000
}

Java Threads: ( => current thread )
  0x0000016833a4a800 JavaThread "Reference Handler" daemon [_thread_blocked, id=23388, stack(0x0000004a5b000000,0x0000004a5b100000)]
  0x0000016833a38800 JavaThread "Finalizer" daemon [_thread_blocked, id=12008, stack(0x0000004a5b100000,0x0000004a5b200000)]
  0x0000016834345800 JavaThread "Signal Dispatcher" daemon [_thread_blocked, id=15236, stack(0x0000004a5b200000,0x0000004a5b300000)]
  0x0000016834346800 JavaThread "Attach Listener" daemon [_thread_blocked, id=7424, stack(0x0000004a5b300000,0x0000004a5b400000)]
  0x0000016834347800 JavaThread "C1 CompilerThread0" daemon [_thread_blocked, id=9996, stack(0x0000004a5b400000,0x0000004a5b500000)]
  0x0000016834358800 JavaThread "Sweeper thread" daemon [_thread_blocked, id=1544, stack(0x0000004a5b500000,0x0000004a5b600000)]
  0x0000016834468000 JavaThread "Common-Cleaner" daemon [_thread_blocked, id=19028, stack(0x0000004a5b600000,0x0000004a5b700000)]
  0x000001683454a000 JavaThread "JDWP Transport Listener: dt_socket" daemon [_thread_blocked, id=18056, stack(0x0000004a5b900000,0x0000004a5ba00000)] _threads_hazard_ptr=0x000001683871a3c0
  0x000001683454d800 JavaThread "JDWP Event Helper Thread" daemon [_thread_blocked, id=10548, stack(0x0000004a5ba00000,0x0000004a5bb00000)]
  0x000001683455a000 JavaThread "JDWP Command Reader" daemon [_thread_in_native, id=22360, stack(0x0000004a5bb00000,0x0000004a5bc00000)]
  0x0000016834da6800 JavaThread "Service Thread" daemon [_thread_blocked, id=5204, stack(0x0000004a5bc00000,0x0000004a5bd00000)]
  0x0000016834fcb000 JavaThread "RMI TCP Accept-0" daemon [_thread_in_native, id=10696, stack(0x0000004a5bd00000,0x0000004a5be00000)]
  0x0000016834fa9000 JavaThread "RMI TCP Accept-61136" daemon [_thread_in_native, id=11764, stack(0x0000004a5be00000,0x0000004a5bf00000)]
  0x0000016834fde000 JavaThread "RMI TCP Accept-0" daemon [_thread_in_native, id=17068, stack(0x0000004a5bf00000,0x0000004a5c000000)]
  0x0000016835d59800 JavaThread "RMI TCP Connection(6)-127.0.0.1" daemon [_thread_in_native, id=3540, stack(0x0000004a5c800000,0x0000004a5c900000)]
  0x0000016835d53000 JavaThread "RMI Scheduler(0)" daemon [_thread_blocked, id=13212, stack(0x0000004a5c900000,0x0000004a5ca00000)]
  0x0000016835d70800 JavaThread "JMX server connection timeout 23" daemon [_thread_blocked, id=21328, stack(0x0000004a5ca00000,0x0000004a5cb00000)]
  0x0000016836a75000 JavaThread "Catalina-utility-1" [_thread_blocked, id=6460, stack(0x0000004a5cc00000,0x0000004a5cd00000)]
  0x0000016836a7a000 JavaThread "Catalina-utility-2" [_thread_blocked, id=19524, stack(0x0000004a5cd00000,0x0000004a5ce00000)]
  0x0000016836a7a800 JavaThread "container-0" [_thread_blocked, id=15940, stack(0x0000004a5ce00000,0x0000004a5cf00000)]
  0x0000016837f9a000 JavaThread "PostgreSQL-JDBC-SharedTimer-1" daemon [_thread_blocked, id=22372, stack(0x0000004a5d000000,0x0000004a5d100000)]
  0x0000016837f99000 JavaThread "HikariPool-1 housekeeper" daemon [_thread_blocked, id=18648, stack(0x0000004a5d100000,0x0000004a5d200000)]
  0x0000016837f97800 JavaThread "http-nio-8080-exec-1" daemon [_thread_blocked, id=20944, stack(0x0000004a5d500000,0x0000004a5d600000)]
  0x0000016837f9d000 JavaThread "http-nio-8080-exec-2" daemon [_thread_blocked, id=1132, stack(0x0000004a5d600000,0x0000004a5d700000)]
  0x0000016837f9c800 JavaThread "http-nio-8080-exec-3" daemon [_thread_blocked, id=22640, stack(0x0000004a5d700000,0x0000004a5d800000)]
  0x0000016837f9b000 JavaThread "http-nio-8080-exec-4" daemon [_thread_blocked, id=22352, stack(0x0000004a5d800000,0x0000004a5d900000)]
  0x0000016837f9e000 JavaThread "http-nio-8080-exec-5" daemon [_thread_blocked, id=16140, stack(0x0000004a5d900000,0x0000004a5da00000)]
  0x0000016837f98800 JavaThread "http-nio-8080-exec-6" daemon [_thread_blocked, id=2956, stack(0x0000004a5da00000,0x0000004a5db00000)]
  0x00000168385c8000 JavaThread "http-nio-8080-exec-7" daemon [_thread_blocked, id=23248, stack(0x0000004a5db00000,0x0000004a5dc00000)]
  0x00000168385c9000 JavaThread "http-nio-8080-exec-8" daemon [_thread_blocked, id=18496, stack(0x0000004a5dc00000,0x0000004a5dd00000)]
  0x00000168385c9800 JavaThread "http-nio-8080-exec-9" daemon [_thread_blocked, id=17388, stack(0x0000004a5dd00000,0x0000004a5de00000)]
  0x00000168385ca800 JavaThread "http-nio-8080-exec-10" daemon [_thread_blocked, id=11496, stack(0x0000004a5de00000,0x0000004a5df00000)]
  0x00000168385cb800 JavaThread "http-nio-8080-Poller" daemon [_thread_in_native, id=9076, stack(0x0000004a5df00000,0x0000004a5e000000)]
  0x00000168385cc000 JavaThread "http-nio-8080-Acceptor" daemon [_thread_in_native, id=21252, stack(0x0000004a5e000000,0x0000004a5e100000)]
  0x00000168385cd000 JavaThread "DestroyJavaVM" [_thread_blocked, id=21788, stack(0x0000004a5a900000,0x0000004a5aa00000)]

Other Threads:
=>0x0000016833a31800 VMThread "VM Thread" [stack: 0x0000004a5af00000,0x0000004a5b000000] [id=6596]
  0x0000016835001800 WatcherThread [stack: 0x0000004a5c000000,0x0000004a5c100000] [id=6732]
  0x0000016814a55800 GCTaskThread "GC Thread#0" [stack: 0x0000004a5aa00000,0x0000004a5ab00000] [id=19556]
  0x00000168351b9000 GCTaskThread "GC Thread#1" [stack: 0x0000004a5c100000,0x0000004a5c200000] [id=13460]
  0x00000168351c6000 GCTaskThread "GC Thread#2" [stack: 0x0000004a5c200000,0x0000004a5c300000] [id=18724]
  0x00000168351c6800 GCTaskThread "GC Thread#3" [stack: 0x0000004a5c300000,0x0000004a5c400000] [id=23480]
  0x00000168351c7800 GCTaskThread "GC Thread#4" [stack: 0x0000004a5c400000,0x0000004a5c500000] [id=15744]
  0x00000168351c8000 GCTaskThread "GC Thread#5" [stack: 0x0000004a5c500000,0x0000004a5c600000] [id=8104]
  0x00000168380d3800 GCTaskThread "GC Thread#6" [stack: 0x0000004a5d300000,0x0000004a5d400000] [id=21588]
  0x000001683801d800 GCTaskThread "GC Thread#7" [stack: 0x0000004a5d400000,0x0000004a5d500000] [id=20240]
  0x0000016814ab0000 ConcurrentGCThread "G1 Main Marker" [stack: 0x0000004a5ab00000,0x0000004a5ac00000] [id=3004]
  0x0000016814ab1000 ConcurrentGCThread "G1 Conc#0" [stack: 0x0000004a5ac00000,0x0000004a5ad00000] [id=20364]
  0x0000016835f38800 ConcurrentGCThread "G1 Conc#1" [stack: 0x0000004a5cb00000,0x0000004a5cc00000] [id=23488]
  0x0000016833915000 ConcurrentGCThread "G1 Refine#0" [stack: 0x0000004a5ad00000,0x0000004a5ae00000] [id=15240]
  0x00000168351e8800 ConcurrentGCThread "G1 Refine#1" [stack: 0x0000004a5c600000,0x0000004a5c700000] [id=18172]
  0x0000016833917800 ConcurrentGCThread "G1 Young RemSet Sampling" [stack: 0x0000004a5ae00000,0x0000004a5af00000] [id=21060]

Threads with active compile tasks:

VM state:at safepoint (normal execution)

VM Mutex/Monitor currently owned by a thread:  ([mutex/lock_event])
[0x0000016814a3c4e0] Threads_lock - owner thread: 0x0000016833a31800

Heap address: 0x0000000703200000, size: 4046 MB, Compressed Oops mode: Zero based, Oop shift amount: 3
Narrow klass base: 0x0000000800000000, Narrow klass shift: 0
Compressed class space size: 1073741824 Address: 0x0000000800000000

Heap:
 garbage-first heap   total 312320K, used 127953K [0x0000000703200000, 0x0000000800000000)
  region size 1024K, 119 young (121856K), 14 survivors (14336K)
 Metaspace       used 64919K, capacity 66794K, committed 67108K, reserved 1107968K
  class space    used 8569K, capacity 9314K, committed 9392K, reserved 1048576K
Heap Regions: E=young(eden), S=young(survivor), O=old, HS=humongous(starts), HC=humongous(continues), CS=collection set, F=free, A=archive, TAMS=top-at-mark-start (previous, next)
|   0|0x0000000703200000, 0x0000000703300000, 0x0000000703300000|100%|HS|  |TAMS 0x0000000703300000, 0x0000000703200000| Complete 
|   1|0x0000000703300000, 0x0000000703400000, 0x0000000703400000|100%| O|  |TAMS 0x0000000703400000, 0x0000000703300000| Untracked 
|   2|0x0000000703400000, 0x00000007034ffff8, 0x0000000703500000| 99%| O|  |TAMS 0x00000007034ffff8, 0x0000000703400000| Untracked 
|   3|0x0000000703500000, 0x0000000703600000, 0x0000000703600000|100%| O|  |TAMS 0x0000000703600000, 0x0000000703500000| Untracked 
|   4|0x0000000703600000, 0x0000000703700000, 0x0000000703700000|100%| O|  |TAMS 0x0000000703700000, 0x0000000703600000| Untracked 
|   5|0x0000000703700000, 0x0000000703800000, 0x0000000703800000|100%| O|  |TAMS 0x0000000703800000, 0x0000000703700000| Untracked 
|   6|0x0000000703800000, 0x0000000703900000, 0x0000000703900000|100%| O|  |TAMS 0x0000000703900000, 0x0000000703800000| Untracked 
|   7|0x0000000703900000, 0x0000000703923e00, 0x0000000703a00000| 14%| O|  |TAMS 0x0000000703923e00, 0x0000000703900000| Untracked 
|   8|0x0000000703a00000, 0x0000000703a00000, 0x0000000703b00000|  0%| F|  |TAMS 0x0000000703a00000, 0x0000000703a00000| Untracked 
|   9|0x0000000703b00000, 0x0000000703b00000, 0x0000000703c00000|  0%| F|  |TAMS 0x0000000703b00000, 0x0000000703b00000| Untracked 
|  10|0x0000000703c00000, 0x0000000703c00000, 0x0000000703d00000|  0%| F|  |TAMS 0x0000000703c00000, 0x0000000703c00000| Untracked 
|  11|0x0000000703d00000, 0x0000000703d00000, 0x0000000703e00000|  0%| F|  |TAMS 0x0000000703d00000, 0x0000000703d00000| Untracked 
|  12|0x0000000703e00000, 0x0000000703e00000, 0x0000000703f00000|  0%| F|  |TAMS 0x0000000703e00000, 0x0000000703e00000| Untracked 
|  13|0x0000000703f00000, 0x0000000703f00000, 0x0000000704000000|  0%| F|  |TAMS 0x0000000703f00000, 0x0000000703f00000| Untracked 
|  14|0x0000000704000000, 0x0000000704000000, 0x0000000704100000|  0%| F|  |TAMS 0x0000000704000000, 0x0000000704000000| Untracked 
|  15|0x0000000704100000, 0x0000000704100000, 0x0000000704200000|  0%| F|  |TAMS 0x0000000704100000, 0x0000000704100000| Untracked 
|  16|0x0000000704200000, 0x0000000704200000, 0x0000000704300000|  0%| F|  |TAMS 0x0000000704200000, 0x0000000704200000| Untracked 
|  17|0x0000000704300000, 0x0000000704300000, 0x0000000704400000|  0%| F|  |TAMS 0x0000000704300000, 0x0000000704300000| Untracked 
|  18|0x0000000704400000, 0x0000000704400000, 0x0000000704500000|  0%| F|  |TAMS 0x0000000704400000, 0x0000000704400000| Untracked 
|  19|0x0000000704500000, 0x0000000704500000, 0x0000000704600000|  0%| F|  |TAMS 0x0000000704500000, 0x0000000704500000| Untracked 
|  20|0x0000000704600000, 0x0000000704600000, 0x0000000704700000|  0%| F|  |TAMS 0x0000000704600000, 0x0000000704600000| Untracked 
|  21|0x0000000704700000, 0x0000000704700000, 0x0000000704800000|  0%| F|  |TAMS 0x0000000704700000, 0x0000000704700000| Untracked 
|  22|0x0000000704800000, 0x0000000704800000, 0x0000000704900000|  0%| F|  |TAMS 0x0000000704800000, 0x0000000704800000| Untracked 
|  23|0x0000000704900000, 0x0000000704900000, 0x0000000704a00000|  0%| F|  |TAMS 0x0000000704900000, 0x0000000704900000| Untracked 
|  24|0x0000000704a00000, 0x0000000704a00000, 0x0000000704b00000|  0%| F|  |TAMS 0x0000000704a00000, 0x0000000704a00000| Untracked 
|  25|0x0000000704b00000, 0x0000000704b00000, 0x0000000704c00000|  0%| F|  |TAMS 0x0000000704b00000, 0x0000000704b00000| Untracked 
|  26|0x0000000704c00000, 0x0000000704c00000, 0x0000000704d00000|  0%| F|  |TAMS 0x0000000704c00000, 0x0000000704c00000| Untracked 
|  27|0x0000000704d00000, 0x0000000704d00000, 0x0000000704e00000|  0%| F|  |TAMS 0x0000000704d00000, 0x0000000704d00000| Untracked 
|  28|0x0000000704e00000, 0x0000000704e00000, 0x0000000704f00000|  0%| F|  |TAMS 0x0000000704e00000, 0x0000000704e00000| Untracked 
|  29|0x0000000704f00000, 0x0000000704f00000, 0x0000000705000000|  0%| F|  |TAMS 0x0000000704f00000, 0x0000000704f00000| Untracked 
|  30|0x0000000705000000, 0x0000000705000000, 0x0000000705100000|  0%| F|  |TAMS 0x0000000705000000, 0x0000000705000000| Untracked 
|  31|0x0000000705100000, 0x0000000705100000, 0x0000000705200000|  0%| F|  |TAMS 0x0000000705100000, 0x0000000705100000| Untracked 
|  32|0x0000000705200000, 0x0000000705200000, 0x0000000705300000|  0%| F|  |TAMS 0x0000000705200000, 0x0000000705200000| Untracked 
|  33|0x0000000705300000, 0x0000000705300000, 0x0000000705400000|  0%| F|  |TAMS 0x0000000705300000, 0x0000000705300000| Untracked 
|  34|0x0000000705400000, 0x0000000705400000, 0x0000000705500000|  0%| F|  |TAMS 0x0000000705400000, 0x0000000705400000| Untracked 
|  35|0x0000000705500000, 0x0000000705500000, 0x0000000705600000|  0%| F|  |TAMS 0x0000000705500000, 0x0000000705500000| Untracked 
|  36|0x0000000705600000, 0x0000000705600000, 0x0000000705700000|  0%| F|  |TAMS 0x0000000705600000, 0x0000000705600000| Untracked 
|  37|0x0000000705700000, 0x0000000705700000, 0x0000000705800000|  0%| F|  |TAMS 0x0000000705700000, 0x0000000705700000| Untracked 
|  38|0x0000000705800000, 0x0000000705800000, 0x0000000705900000|  0%| F|  |TAMS 0x0000000705800000, 0x0000000705800000| Untracked 
|  39|0x0000000705900000, 0x0000000705900000, 0x0000000705a00000|  0%| F|  |TAMS 0x0000000705900000, 0x0000000705900000| Untracked 
|  40|0x0000000705a00000, 0x0000000705a00000, 0x0000000705b00000|  0%| F|  |TAMS 0x0000000705a00000, 0x0000000705a00000| Untracked 
|  41|0x0000000705b00000, 0x0000000705b00000, 0x0000000705c00000|  0%| F|  |TAMS 0x0000000705b00000, 0x0000000705b00000| Untracked 
|  42|0x0000000705c00000, 0x0000000705c00000, 0x0000000705d00000|  0%| F|  |TAMS 0x0000000705c00000, 0x0000000705c00000| Untracked 
|  43|0x0000000705d00000, 0x0000000705d00000, 0x0000000705e00000|  0%| F|  |TAMS 0x0000000705d00000, 0x0000000705d00000| Untracked 
|  44|0x0000000705e00000, 0x0000000705e00000, 0x0000000705f00000|  0%| F|  |TAMS 0x0000000705e00000, 0x0000000705e00000| Untracked 
|  45|0x0000000705f00000, 0x0000000705f00000, 0x0000000706000000|  0%| F|  |TAMS 0x0000000705f00000, 0x0000000705f00000| Untracked 
|  46|0x0000000706000000, 0x0000000706000000, 0x0000000706100000|  0%| F|  |TAMS 0x0000000706000000, 0x0000000706000000| Untracked 
|  47|0x0000000706100000, 0x0000000706100000, 0x0000000706200000|  0%| F|  |TAMS 0x0000000706100000, 0x0000000706100000| Untracked 
|  48|0x0000000706200000, 0x0000000706200000, 0x0000000706300000|  0%| F|  |TAMS 0x0000000706200000, 0x0000000706200000| Untracked 
|  49|0x0000000706300000, 0x0000000706300000, 0x0000000706400000|  0%| F|  |TAMS 0x0000000706300000, 0x0000000706300000| Untracked 
|  50|0x0000000706400000, 0x0000000706400000, 0x0000000706500000|  0%| F|  |TAMS 0x0000000706400000, 0x0000000706400000| Untracked 
|  51|0x0000000706500000, 0x0000000706500000, 0x0000000706600000|  0%| F|  |TAMS 0x0000000706500000, 0x0000000706500000| Untracked 
|  52|0x0000000706600000, 0x0000000706600000, 0x0000000706700000|  0%| F|  |TAMS 0x0000000706600000, 0x0000000706600000| Untracked 
|  53|0x0000000706700000, 0x0000000706700000, 0x0000000706800000|  0%| F|  |TAMS 0x0000000706700000, 0x0000000706700000| Untracked 
|  54|0x0000000706800000, 0x0000000706800000, 0x0000000706900000|  0%| F|  |TAMS 0x0000000706800000, 0x0000000706800000| Untracked 
|  55|0x0000000706900000, 0x0000000706900000, 0x0000000706a00000|  0%| F|  |TAMS 0x0000000706900000, 0x0000000706900000| Untracked 
|  56|0x0000000706a00000, 0x0000000706a00000, 0x0000000706b00000|  0%| F|  |TAMS 0x0000000706a00000, 0x0000000706a00000| Untracked 
|  57|0x0000000706b00000, 0x0000000706b00000, 0x0000000706c00000|  0%| F|  |TAMS 0x0000000706b00000, 0x0000000706b00000| Untracked 
|  58|0x0000000706c00000, 0x0000000706c00000, 0x0000000706d00000|  0%| F|  |TAMS 0x0000000706c00000, 0x0000000706c00000| Untracked 
|  59|0x0000000706d00000, 0x0000000706d00000, 0x0000000706e00000|  0%| F|  |TAMS 0x0000000706d00000, 0x0000000706d00000| Untracked 
|  60|0x0000000706e00000, 0x0000000706e00000, 0x0000000706f00000|  0%| F|  |TAMS 0x0000000706e00000, 0x0000000706e00000| Untracked 
|  61|0x0000000706f00000, 0x0000000706f00000, 0x0000000707000000|  0%| F|  |TAMS 0x0000000706f00000, 0x0000000706f00000| Untracked 
|  62|0x0000000707000000, 0x0000000707000000, 0x0000000707100000|  0%| F|  |TAMS 0x0000000707000000, 0x0000000707000000| Untracked 
|  63|0x0000000707100000, 0x0000000707100000, 0x0000000707200000|  0%| F|  |TAMS 0x0000000707100000, 0x0000000707100000| Untracked 
|  64|0x0000000707200000, 0x0000000707200000, 0x0000000707300000|  0%| F|  |TAMS 0x0000000707200000, 0x0000000707200000| Untracked 
|  65|0x0000000707300000, 0x0000000707300000, 0x0000000707400000|  0%| F|  |TAMS 0x0000000707300000, 0x0000000707300000| Untracked 
|  66|0x0000000707400000, 0x0000000707400000, 0x0000000707500000|  0%| F|  |TAMS 0x0000000707400000, 0x0000000707400000| Untracked 
|  67|0x0000000707500000, 0x0000000707500000, 0x0000000707600000|  0%| F|  |TAMS 0x0000000707500000, 0x0000000707500000| Untracked 
|  68|0x0000000707600000, 0x0000000707600000, 0x0000000707700000|  0%| F|  |TAMS 0x0000000707600000, 0x0000000707600000| Untracked 
|  69|0x0000000707700000, 0x0000000707700000, 0x0000000707800000|  0%| F|  |TAMS 0x0000000707700000, 0x0000000707700000| Untracked 
|  70|0x0000000707800000, 0x0000000707800000, 0x0000000707900000|  0%| F|  |TAMS 0x0000000707800000, 0x0000000707800000| Untracked 
|  71|0x0000000707900000, 0x0000000707900000, 0x0000000707a00000|  0%| F|  |TAMS 0x0000000707900000, 0x0000000707900000| Untracked 
|  72|0x0000000707a00000, 0x0000000707a00000, 0x0000000707b00000|  0%| F|  |TAMS 0x0000000707a00000, 0x0000000707a00000| Untracked 
|  73|0x0000000707b00000, 0x0000000707b00000, 0x0000000707c00000|  0%| F|  |TAMS 0x0000000707b00000, 0x0000000707b00000| Untracked 
|  74|0x0000000707c00000, 0x0000000707c00000, 0x0000000707d00000|  0%| F|  |TAMS 0x0000000707c00000, 0x0000000707c00000| Untracked 
|  75|0x0000000707d00000, 0x0000000707d00000, 0x0000000707e00000|  0%| F|  |TAMS 0x0000000707d00000, 0x0000000707d00000| Untracked 
|  76|0x0000000707e00000, 0x0000000707e00000, 0x0000000707f00000|  0%| F|  |TAMS 0x0000000707e00000, 0x0000000707e00000| Untracked 
|  77|0x0000000707f00000, 0x0000000707f00000, 0x0000000708000000|  0%| F|  |TAMS 0x0000000707f00000, 0x0000000707f00000| Untracked 
|  78|0x0000000708000000, 0x0000000708000000, 0x0000000708100000|  0%| F|  |TAMS 0x0000000708000000, 0x0000000708000000| Untracked 
|  79|0x0000000708100000, 0x0000000708100000, 0x0000000708200000|  0%| F|  |TAMS 0x0000000708100000, 0x0000000708100000| Untracked 
|  80|0x0000000708200000, 0x0000000708200000, 0x0000000708300000|  0%| F|  |TAMS 0x0000000708200000, 0x0000000708200000| Untracked 
|  81|0x0000000708300000, 0x0000000708300000, 0x0000000708400000|  0%| F|  |TAMS 0x0000000708300000, 0x0000000708300000| Untracked 
|  82|0x0000000708400000, 0x0000000708400000, 0x0000000708500000|  0%| F|  |TAMS 0x0000000708400000, 0x0000000708400000| Untracked 
|  83|0x0000000708500000, 0x0000000708500000, 0x0000000708600000|  0%| F|  |TAMS 0x0000000708500000, 0x0000000708500000| Untracked 
|  84|0x0000000708600000, 0x0000000708600000, 0x0000000708700000|  0%| F|  |TAMS 0x0000000708600000, 0x0000000708600000| Untracked 
|  85|0x0000000708700000, 0x0000000708700000, 0x0000000708800000|  0%| F|  |TAMS 0x0000000708700000, 0x0000000708700000| Untracked 
|  86|0x0000000708800000, 0x0000000708800000, 0x0000000708900000|  0%| F|  |TAMS 0x0000000708800000, 0x0000000708800000| Untracked 
|  87|0x0000000708900000, 0x0000000708900000, 0x0000000708a00000|  0%| F|  |TAMS 0x0000000708900000, 0x0000000708900000| Untracked 
|  88|0x0000000708a00000, 0x0000000708a00000, 0x0000000708b00000|  0%| F|  |TAMS 0x0000000708a00000, 0x0000000708a00000| Untracked 
|  89|0x0000000708b00000, 0x0000000708b00000, 0x0000000708c00000|  0%| F|  |TAMS 0x0000000708b00000, 0x0000000708b00000| Untracked 
|  90|0x0000000708c00000, 0x0000000708c00000, 0x0000000708d00000|  0%| F|  |TAMS 0x0000000708c00000, 0x0000000708c00000| Untracked 
|  91|0x0000000708d00000, 0x0000000708d00000, 0x0000000708e00000|  0%| F|  |TAMS 0x0000000708d00000, 0x0000000708d00000| Untracked 
|  92|0x0000000708e00000, 0x0000000708e00000, 0x0000000708f00000|  0%| F|  |TAMS 0x0000000708e00000, 0x0000000708e00000| Untracked 
|  93|0x0000000708f00000, 0x0000000708f00000, 0x0000000709000000|  0%| F|  |TAMS 0x0000000708f00000, 0x0000000708f00000| Untracked 
|  94|0x0000000709000000, 0x0000000709000000, 0x0000000709100000|  0%| F|  |TAMS 0x0000000709000000, 0x0000000709000000| Untracked 
|  95|0x0000000709100000, 0x0000000709100000, 0x0000000709200000|  0%| F|  |TAMS 0x0000000709100000, 0x0000000709100000| Untracked 
|  96|0x0000000709200000, 0x0000000709200000, 0x0000000709300000|  0%| F|  |TAMS 0x0000000709200000, 0x0000000709200000| Untracked 
|  97|0x0000000709300000, 0x0000000709300000, 0x0000000709400000|  0%| F|  |TAMS 0x0000000709300000, 0x0000000709300000| Untracked 
|  98|0x0000000709400000, 0x0000000709400000, 0x0000000709500000|  0%| F|  |TAMS 0x0000000709400000, 0x0000000709400000| Untracked 
|  99|0x0000000709500000, 0x0000000709500000, 0x0000000709600000|  0%| F|  |TAMS 0x0000000709500000, 0x0000000709500000| Untracked 
| 100|0x0000000709600000, 0x0000000709600000, 0x0000000709700000|  0%| F|  |TAMS 0x0000000709600000, 0x0000000709600000| Untracked 
| 101|0x0000000709700000, 0x0000000709700000, 0x0000000709800000|  0%| F|  |TAMS 0x0000000709700000, 0x0000000709700000| Untracked 
| 102|0x0000000709800000, 0x0000000709800000, 0x0000000709900000|  0%| F|  |TAMS 0x0000000709800000, 0x0000000709800000| Untracked 
| 103|0x0000000709900000, 0x0000000709900000, 0x0000000709a00000|  0%| F|  |TAMS 0x0000000709900000, 0x0000000709900000| Untracked 
| 104|0x0000000709a00000, 0x0000000709a00000, 0x0000000709b00000|  0%| F|  |TAMS 0x0000000709a00000, 0x0000000709a00000| Untracked 
| 105|0x0000000709b00000, 0x0000000709b00000, 0x0000000709c00000|  0%| F|  |TAMS 0x0000000709b00000, 0x0000000709b00000| Untracked 
| 106|0x0000000709c00000, 0x0000000709c00000, 0x0000000709d00000|  0%| F|  |TAMS 0x0000000709c00000, 0x0000000709c00000| Untracked 
| 107|0x0000000709d00000, 0x0000000709d00000, 0x0000000709e00000|  0%| F|  |TAMS 0x0000000709d00000, 0x0000000709d00000| Untracked 
| 108|0x0000000709e00000, 0x0000000709e00000, 0x0000000709f00000|  0%| F|  |TAMS 0x0000000709e00000, 0x0000000709e00000| Untracked 
| 109|0x0000000709f00000, 0x0000000709f00000, 0x000000070a000000|  0%| F|  |TAMS 0x0000000709f00000, 0x0000000709f00000| Untracked 
| 110|0x000000070a000000, 0x000000070a000000, 0x000000070a100000|  0%| F|  |TAMS 0x000000070a000000, 0x000000070a000000| Untracked 
| 111|0x000000070a100000, 0x000000070a100000, 0x000000070a200000|  0%| F|  |TAMS 0x000000070a100000, 0x000000070a100000| Untracked 
| 112|0x000000070a200000, 0x000000070a200000, 0x000000070a300000|  0%| F|  |TAMS 0x000000070a200000, 0x000000070a200000| Untracked 
| 113|0x000000070a300000, 0x000000070a300000, 0x000000070a400000|  0%| F|  |TAMS 0x000000070a300000, 0x000000070a300000| Untracked 
| 114|0x000000070a400000, 0x000000070a400000, 0x000000070a500000|  0%| F|  |TAMS 0x000000070a400000, 0x000000070a400000| Untracked 
| 115|0x000000070a500000, 0x000000070a500000, 0x000000070a600000|  0%| F|  |TAMS 0x000000070a500000, 0x000000070a500000| Untracked 
| 116|0x000000070a600000, 0x000000070a600000, 0x000000070a700000|  0%| F|  |TAMS 0x000000070a600000, 0x000000070a600000| Untracked 
| 117|0x000000070a700000, 0x000000070a700000, 0x000000070a800000|  0%| F|  |TAMS 0x000000070a700000, 0x000000070a700000| Untracked 
| 118|0x000000070a800000, 0x000000070a800000, 0x000000070a900000|  0%| F|  |TAMS 0x000000070a800000, 0x000000070a800000| Untracked 
| 119|0x000000070a900000, 0x000000070a900000, 0x000000070aa00000|  0%| F|  |TAMS 0x000000070a900000, 0x000000070a900000| Untracked 
| 120|0x000000070aa00000, 0x000000070aa00000, 0x000000070ab00000|  0%| F|  |TAMS 0x000000070aa00000, 0x000000070aa00000| Untracked 
| 121|0x000000070ab00000, 0x000000070ab00000, 0x000000070ac00000|  0%| F|  |TAMS 0x000000070ab00000, 0x000000070ab00000| Untracked 
| 122|0x000000070ac00000, 0x000000070ac00000, 0x000000070ad00000|  0%| F|  |TAMS 0x000000070ac00000, 0x000000070ac00000| Untracked 
| 123|0x000000070ad00000, 0x000000070ad00000, 0x000000070ae00000|  0%| F|  |TAMS 0x000000070ad00000, 0x000000070ad00000| Untracked 
| 124|0x000000070ae00000, 0x000000070ae00000, 0x000000070af00000|  0%| F|  |TAMS 0x000000070ae00000, 0x000000070ae00000| Untracked 
| 125|0x000000070af00000, 0x000000070af00000, 0x000000070b000000|  0%| F|  |TAMS 0x000000070af00000, 0x000000070af00000| Untracked 
| 126|0x000000070b000000, 0x000000070b000000, 0x000000070b100000|  0%| F|  |TAMS 0x000000070b000000, 0x000000070b000000| Untracked 
| 127|0x000000070b100000, 0x000000070b100000, 0x000000070b200000|  0%| F|  |TAMS 0x000000070b100000, 0x000000070b100000| Untracked 
| 128|0x000000070b200000, 0x000000070b200000, 0x000000070b300000|  0%| F|  |TAMS 0x000000070b200000, 0x000000070b200000| Untracked 
| 129|0x000000070b300000, 0x000000070b300000, 0x000000070b400000|  0%| F|  |TAMS 0x000000070b300000, 0x000000070b300000| Untracked 
| 130|0x000000070b400000, 0x000000070b400000, 0x000000070b500000|  0%| F|  |TAMS 0x000000070b400000, 0x000000070b400000| Untracked 
| 131|0x000000070b500000, 0x000000070b500000, 0x000000070b600000|  0%| F|  |TAMS 0x000000070b500000, 0x000000070b500000| Untracked 
| 132|0x000000070b600000, 0x000000070b600000, 0x000000070b700000|  0%| F|  |TAMS 0x000000070b600000, 0x000000070b600000| Untracked 
| 133|0x000000070b700000, 0x000000070b700000, 0x000000070b800000|  0%| F|  |TAMS 0x000000070b700000, 0x000000070b700000| Untracked 
| 134|0x000000070b800000, 0x000000070b800000, 0x000000070b900000|  0%| F|  |TAMS 0x000000070b800000, 0x000000070b800000| Untracked 
| 135|0x000000070b900000, 0x000000070b900000, 0x000000070ba00000|  0%| F|  |TAMS 0x000000070b900000, 0x000000070b900000| Untracked 
| 136|0x000000070ba00000, 0x000000070ba00000, 0x000000070bb00000|  0%| F|  |TAMS 0x000000070ba00000, 0x000000070ba00000| Untracked 
| 137|0x000000070bb00000, 0x000000070bb00000, 0x000000070bc00000|  0%| F|  |TAMS 0x000000070bb00000, 0x000000070bb00000| Untracked 
| 138|0x000000070bc00000, 0x000000070bc00000, 0x000000070bd00000|  0%| F|  |TAMS 0x000000070bc00000, 0x000000070bc00000| Untracked 
| 139|0x000000070bd00000, 0x000000070bd00000, 0x000000070be00000|  0%| F|  |TAMS 0x000000070bd00000, 0x000000070bd00000| Untracked 
| 140|0x000000070be00000, 0x000000070be00000, 0x000000070bf00000|  0%| F|  |TAMS 0x000000070be00000, 0x000000070be00000| Untracked 
| 141|0x000000070bf00000, 0x000000070bf00000, 0x000000070c000000|  0%| F|  |TAMS 0x000000070bf00000, 0x000000070bf00000| Untracked 
| 142|0x000000070c000000, 0x000000070c000000, 0x000000070c100000|  0%| F|  |TAMS 0x000000070c000000, 0x000000070c000000| Untracked 
| 143|0x000000070c100000, 0x000000070c100000, 0x000000070c200000|  0%| F|  |TAMS 0x000000070c100000, 0x000000070c100000| Untracked 
| 144|0x000000070c200000, 0x000000070c200000, 0x000000070c300000|  0%| F|  |TAMS 0x000000070c200000, 0x000000070c200000| Untracked 
| 145|0x000000070c300000, 0x000000070c300000, 0x000000070c400000|  0%| F|  |TAMS 0x000000070c300000, 0x000000070c300000| Untracked 
| 146|0x000000070c400000, 0x000000070c400000, 0x000000070c500000|  0%| F|  |TAMS 0x000000070c400000, 0x000000070c400000| Untracked 
| 147|0x000000070c500000, 0x000000070c500000, 0x000000070c600000|  0%| F|  |TAMS 0x000000070c500000, 0x000000070c500000| Untracked 
| 148|0x000000070c600000, 0x000000070c600000, 0x000000070c700000|  0%| F|  |TAMS 0x000000070c600000, 0x000000070c600000| Untracked 
| 149|0x000000070c700000, 0x000000070c700000, 0x000000070c800000|  0%| F|  |TAMS 0x000000070c700000, 0x000000070c700000| Untracked 
| 150|0x000000070c800000, 0x000000070c800000, 0x000000070c900000|  0%| F|  |TAMS 0x000000070c800000, 0x000000070c800000| Untracked 
| 151|0x000000070c900000, 0x000000070c900000, 0x000000070ca00000|  0%| F|  |TAMS 0x000000070c900000, 0x000000070c900000| Untracked 
| 152|0x000000070ca00000, 0x000000070ca00000, 0x000000070cb00000|  0%| F|  |TAMS 0x000000070ca00000, 0x000000070ca00000| Untracked 
| 153|0x000000070cb00000, 0x000000070cb00000, 0x000000070cc00000|  0%| F|  |TAMS 0x000000070cb00000, 0x000000070cb00000| Untracked 
| 154|0x000000070cc00000, 0x000000070cc00000, 0x000000070cd00000|  0%| F|  |TAMS 0x000000070cc00000, 0x000000070cc00000| Untracked 
| 155|0x000000070cd00000, 0x000000070cd00000, 0x000000070ce00000|  0%| F|  |TAMS 0x000000070cd00000, 0x000000070cd00000| Untracked 
| 156|0x000000070ce00000, 0x000000070ce00000, 0x000000070cf00000|  0%| F|  |TAMS 0x000000070ce00000, 0x000000070ce00000| Untracked 
| 157|0x000000070cf00000, 0x000000070cf00000, 0x000000070d000000|  0%| F|  |TAMS 0x000000070cf00000, 0x000000070cf00000| Untracked 
| 158|0x000000070d000000, 0x000000070d000000, 0x000000070d100000|  0%| F|  |TAMS 0x000000070d000000, 0x000000070d000000| Untracked 
| 159|0x000000070d100000, 0x000000070d100000, 0x000000070d200000|  0%| F|  |TAMS 0x000000070d100000, 0x000000070d100000| Untracked 
| 160|0x000000070d200000, 0x000000070d200000, 0x000000070d300000|  0%| F|  |TAMS 0x000000070d200000, 0x000000070d200000| Untracked 
| 161|0x000000070d300000, 0x000000070d300000, 0x000000070d400000|  0%| F|  |TAMS 0x000000070d300000, 0x000000070d300000| Untracked 
| 162|0x000000070d400000, 0x000000070d400000, 0x000000070d500000|  0%| F|  |TAMS 0x000000070d400000, 0x000000070d400000| Untracked 
| 163|0x000000070d500000, 0x000000070d500000, 0x000000070d600000|  0%| F|  |TAMS 0x000000070d500000, 0x000000070d500000| Untracked 
| 164|0x000000070d600000, 0x000000070d600000, 0x000000070d700000|  0%| F|  |TAMS 0x000000070d600000, 0x000000070d600000| Untracked 
| 165|0x000000070d700000, 0x000000070d700000, 0x000000070d800000|  0%| F|  |TAMS 0x000000070d700000, 0x000000070d700000| Untracked 
| 166|0x000000070d800000, 0x000000070d800000, 0x000000070d900000|  0%| F|  |TAMS 0x000000070d800000, 0x000000070d800000| Untracked 
| 167|0x000000070d900000, 0x000000070d900000, 0x000000070da00000|  0%| F|  |TAMS 0x000000070d900000, 0x000000070d900000| Untracked 
| 168|0x000000070da00000, 0x000000070da00000, 0x000000070db00000|  0%| F|  |TAMS 0x000000070da00000, 0x000000070da00000| Untracked 
| 169|0x000000070db00000, 0x000000070db00000, 0x000000070dc00000|  0%| F|  |TAMS 0x000000070db00000, 0x000000070db00000| Untracked 
| 170|0x000000070dc00000, 0x000000070dc00000, 0x000000070dd00000|  0%| F|  |TAMS 0x000000070dc00000, 0x000000070dc00000| Untracked 
| 171|0x000000070dd00000, 0x000000070dd00000, 0x000000070de00000|  0%| F|  |TAMS 0x000000070dd00000, 0x000000070dd00000| Untracked 
| 172|0x000000070de00000, 0x000000070de00000, 0x000000070df00000|  0%| F|  |TAMS 0x000000070de00000, 0x000000070de00000| Untracked 
| 173|0x000000070df00000, 0x000000070df00000, 0x000000070e000000|  0%| F|  |TAMS 0x000000070df00000, 0x000000070df00000| Untracked 
| 174|0x000000070e000000, 0x000000070e000000, 0x000000070e100000|  0%| F|  |TAMS 0x000000070e000000, 0x000000070e000000| Untracked 
| 175|0x000000070e100000, 0x000000070e100000, 0x000000070e200000|  0%| F|  |TAMS 0x000000070e100000, 0x000000070e100000| Untracked 
| 176|0x000000070e200000, 0x000000070e200000, 0x000000070e300000|  0%| F|  |TAMS 0x000000070e200000, 0x000000070e200000| Untracked 
| 177|0x000000070e300000, 0x000000070e300000, 0x000000070e400000|  0%| F|  |TAMS 0x000000070e300000, 0x000000070e300000| Untracked 
| 178|0x000000070e400000, 0x000000070e400000, 0x000000070e500000|  0%| F|  |TAMS 0x000000070e400000, 0x000000070e400000| Untracked 
| 179|0x000000070e500000, 0x000000070e500000, 0x000000070e600000|  0%| F|  |TAMS 0x000000070e500000, 0x000000070e500000| Untracked 
| 180|0x000000070e600000, 0x000000070e600000, 0x000000070e700000|  0%| F|  |TAMS 0x000000070e600000, 0x000000070e600000| Untracked 
| 181|0x000000070e700000, 0x000000070e700000, 0x000000070e800000|  0%| F|  |TAMS 0x000000070e700000, 0x000000070e700000| Untracked 
| 182|0x000000070e800000, 0x000000070e800000, 0x000000070e900000|  0%| F|  |TAMS 0x000000070e800000, 0x000000070e800000| Untracked 
| 183|0x000000070e900000, 0x000000070e900000, 0x000000070ea00000|  0%| F|  |TAMS 0x000000070e900000, 0x000000070e900000| Untracked 
| 184|0x000000070ea00000, 0x000000070ea00000, 0x000000070eb00000|  0%| F|  |TAMS 0x000000070ea00000, 0x000000070ea00000| Untracked 
| 185|0x000000070eb00000, 0x000000070eb00000, 0x000000070ec00000|  0%| F|  |TAMS 0x000000070eb00000, 0x000000070eb00000| Untracked 
| 186|0x000000070ec00000, 0x000000070ec93d80, 0x000000070ed00000| 57%| E|  |TAMS 0x000000070ec00000, 0x000000070ec00000| Complete 
| 187|0x000000070ed00000, 0x000000070ee00000, 0x000000070ee00000|100%| E|CS|TAMS 0x000000070ed00000, 0x000000070ed00000| Complete 
| 188|0x000000070ee00000, 0x000000070ef00000, 0x000000070ef00000|100%| E|CS|TAMS 0x000000070ee00000, 0x000000070ee00000| Complete 
| 189|0x000000070ef00000, 0x000000070f000000, 0x000000070f000000|100%| E|CS|TAMS 0x000000070ef00000, 0x000000070ef00000| Complete 
| 190|0x000000070f000000, 0x000000070f100000, 0x000000070f100000|100%| E|CS|TAMS 0x000000070f000000, 0x000000070f000000| Complete 
| 191|0x000000070f100000, 0x000000070f200000, 0x000000070f200000|100%| E|CS|TAMS 0x000000070f100000, 0x000000070f100000| Complete 
| 192|0x000000070f200000, 0x000000070f300000, 0x000000070f300000|100%| E|CS|TAMS 0x000000070f200000, 0x000000070f200000| Complete 
| 193|0x000000070f300000, 0x000000070f400000, 0x000000070f400000|100%| E|CS|TAMS 0x000000070f300000, 0x000000070f300000| Complete 
| 194|0x000000070f400000, 0x000000070f500000, 0x000000070f500000|100%| E|CS|TAMS 0x000000070f400000, 0x000000070f400000| Complete 
| 195|0x000000070f500000, 0x000000070f600000, 0x000000070f600000|100%| E|CS|TAMS 0x000000070f500000, 0x000000070f500000| Complete 
| 196|0x000000070f600000, 0x000000070f700000, 0x000000070f700000|100%| E|CS|TAMS 0x000000070f600000, 0x000000070f600000| Complete 
| 197|0x000000070f700000, 0x000000070f800000, 0x000000070f800000|100%| E|CS|TAMS 0x000000070f700000, 0x000000070f700000| Complete 
| 198|0x000000070f800000, 0x000000070f900000, 0x000000070f900000|100%| E|CS|TAMS 0x000000070f800000, 0x000000070f800000| Complete 
| 199|0x000000070f900000, 0x000000070fa00000, 0x000000070fa00000|100%| E|CS|TAMS 0x000000070f900000, 0x000000070f900000| Complete 
| 200|0x000000070fa00000, 0x000000070fb00000, 0x000000070fb00000|100%| E|CS|TAMS 0x000000070fa00000, 0x000000070fa00000| Complete 
| 201|0x000000070fb00000, 0x000000070fc00000, 0x000000070fc00000|100%| E|CS|TAMS 0x000000070fb00000, 0x000000070fb00000| Complete 
| 202|0x000000070fc00000, 0x000000070fd00000, 0x000000070fd00000|100%| E|CS|TAMS 0x000000070fc00000, 0x000000070fc00000| Complete 
| 203|0x000000070fd00000, 0x000000070fe00000, 0x000000070fe00000|100%| E|CS|TAMS 0x000000070fd00000, 0x000000070fd00000| Complete 
| 204|0x000000070fe00000, 0x000000070ff00000, 0x000000070ff00000|100%| E|CS|TAMS 0x000000070fe00000, 0x000000070fe00000| Complete 
| 205|0x000000070ff00000, 0x0000000710000000, 0x0000000710000000|100%| E|CS|TAMS 0x000000070ff00000, 0x000000070ff00000| Complete 
| 206|0x0000000710000000, 0x0000000710100000, 0x0000000710100000|100%| E|CS|TAMS 0x0000000710000000, 0x0000000710000000| Complete 
| 207|0x0000000710100000, 0x0000000710200000, 0x0000000710200000|100%| E|CS|TAMS 0x0000000710100000, 0x0000000710100000| Complete 
| 208|0x0000000710200000, 0x0000000710300000, 0x0000000710300000|100%| E|CS|TAMS 0x0000000710200000, 0x0000000710200000| Complete 
| 209|0x0000000710300000, 0x0000000710400000, 0x0000000710400000|100%| E|CS|TAMS 0x0000000710300000, 0x0000000710300000| Complete 
| 210|0x0000000710400000, 0x0000000710500000, 0x0000000710500000|100%| E|CS|TAMS 0x0000000710400000, 0x0000000710400000| Complete 
| 211|0x0000000710500000, 0x0000000710600000, 0x0000000710600000|100%| E|CS|TAMS 0x0000000710500000, 0x0000000710500000| Complete 
| 212|0x0000000710600000, 0x0000000710700000, 0x0000000710700000|100%| E|CS|TAMS 0x0000000710600000, 0x0000000710600000| Complete 
| 213|0x0000000710700000, 0x0000000710800000, 0x0000000710800000|100%| E|CS|TAMS 0x0000000710700000, 0x0000000710700000| Complete 
| 214|0x0000000710800000, 0x0000000710900000, 0x0000000710900000|100%| E|CS|TAMS 0x0000000710800000, 0x0000000710800000| Complete 
| 215|0x0000000710900000, 0x0000000710a00000, 0x0000000710a00000|100%| E|CS|TAMS 0x0000000710900000, 0x0000000710900000| Complete 
| 216|0x0000000710a00000, 0x0000000710b00000, 0x0000000710b00000|100%| E|CS|TAMS 0x0000000710a00000, 0x0000000710a00000| Complete 
| 217|0x0000000710b00000, 0x0000000710c00000, 0x0000000710c00000|100%| E|CS|TAMS 0x0000000710b00000, 0x0000000710b00000| Complete 
| 218|0x0000000710c00000, 0x0000000710d00000, 0x0000000710d00000|100%| E|CS|TAMS 0x0000000710c00000, 0x0000000710c00000| Complete 
| 219|0x0000000710d00000, 0x0000000710e00000, 0x0000000710e00000|100%| E|CS|TAMS 0x0000000710d00000, 0x0000000710d00000| Complete 
| 220|0x0000000710e00000, 0x0000000710f00000, 0x0000000710f00000|100%| E|CS|TAMS 0x0000000710e00000, 0x0000000710e00000| Complete 
| 221|0x0000000710f00000, 0x0000000711000000, 0x0000000711000000|100%| E|CS|TAMS 0x0000000710f00000, 0x0000000710f00000| Complete 
| 222|0x0000000711000000, 0x0000000711100000, 0x0000000711100000|100%| E|CS|TAMS 0x0000000711000000, 0x0000000711000000| Complete 
| 223|0x0000000711100000, 0x0000000711200000, 0x0000000711200000|100%| E|CS|TAMS 0x0000000711100000, 0x0000000711100000| Complete 
| 224|0x0000000711200000, 0x0000000711300000, 0x0000000711300000|100%| E|CS|TAMS 0x0000000711200000, 0x0000000711200000| Complete 
| 225|0x0000000711300000, 0x0000000711400000, 0x0000000711400000|100%| E|CS|TAMS 0x0000000711300000, 0x0000000711300000| Complete 
| 226|0x0000000711400000, 0x0000000711500000, 0x0000000711500000|100%| E|CS|TAMS 0x0000000711400000, 0x0000000711400000| Complete 
| 227|0x0000000711500000, 0x0000000711600000, 0x0000000711600000|100%| E|CS|TAMS 0x0000000711500000, 0x0000000711500000| Complete 
| 228|0x0000000711600000, 0x0000000711700000, 0x0000000711700000|100%| E|CS|TAMS 0x0000000711600000, 0x0000000711600000| Complete 
| 229|0x0000000711700000, 0x0000000711800000, 0x0000000711800000|100%| E|CS|TAMS 0x0000000711700000, 0x0000000711700000| Complete 
| 230|0x0000000711800000, 0x0000000711900000, 0x0000000711900000|100%| E|CS|TAMS 0x0000000711800000, 0x0000000711800000| Complete 
| 231|0x0000000711900000, 0x0000000711a00000, 0x0000000711a00000|100%| E|CS|TAMS 0x0000000711900000, 0x0000000711900000| Complete 
| 232|0x0000000711a00000, 0x0000000711b00000, 0x0000000711b00000|100%| E|CS|TAMS 0x0000000711a00000, 0x0000000711a00000| Complete 
| 233|0x0000000711b00000, 0x0000000711c00000, 0x0000000711c00000|100%| E|CS|TAMS 0x0000000711b00000, 0x0000000711b00000| Complete 
| 234|0x0000000711c00000, 0x0000000711d00000, 0x0000000711d00000|100%| E|CS|TAMS 0x0000000711c00000, 0x0000000711c00000| Complete 
| 235|0x0000000711d00000, 0x0000000711e00000, 0x0000000711e00000|100%| E|CS|TAMS 0x0000000711d00000, 0x0000000711d00000| Complete 
| 236|0x0000000711e00000, 0x0000000711f00000, 0x0000000711f00000|100%| E|CS|TAMS 0x0000000711e00000, 0x0000000711e00000| Complete 
| 237|0x0000000711f00000, 0x0000000712000000, 0x0000000712000000|100%| E|CS|TAMS 0x0000000711f00000, 0x0000000711f00000| Complete 
| 238|0x0000000712000000, 0x0000000712100000, 0x0000000712100000|100%| E|CS|TAMS 0x0000000712000000, 0x0000000712000000| Complete 
| 239|0x0000000712100000, 0x0000000712200000, 0x0000000712200000|100%| E|CS|TAMS 0x0000000712100000, 0x0000000712100000| Complete 
| 240|0x0000000712200000, 0x0000000712300000, 0x0000000712300000|100%| E|CS|TAMS 0x0000000712200000, 0x0000000712200000| Complete 
| 241|0x0000000712300000, 0x0000000712400000, 0x0000000712400000|100%| E|CS|TAMS 0x0000000712300000, 0x0000000712300000| Complete 
| 242|0x0000000712400000, 0x0000000712500000, 0x0000000712500000|100%| E|CS|TAMS 0x0000000712400000, 0x0000000712400000| Complete 
| 243|0x0000000712500000, 0x0000000712600000, 0x0000000712600000|100%| E|CS|TAMS 0x0000000712500000, 0x0000000712500000| Complete 
| 244|0x0000000712600000, 0x0000000712700000, 0x0000000712700000|100%| E|CS|TAMS 0x0000000712600000, 0x0000000712600000| Complete 
| 245|0x0000000712700000, 0x0000000712800000, 0x0000000712800000|100%| E|CS|TAMS 0x0000000712700000, 0x0000000712700000| Complete 
| 246|0x0000000712800000, 0x0000000712900000, 0x0000000712900000|100%| E|CS|TAMS 0x0000000712800000, 0x0000000712800000| Complete 
| 247|0x0000000712900000, 0x00000007129d09f8, 0x0000000712a00000| 81%| S|CS|TAMS 0x0000000712900000, 0x0000000712900000| Complete 
| 248|0x0000000712a00000, 0x0000000712b00000, 0x0000000712b00000|100%| S|CS|TAMS 0x0000000712a00000, 0x0000000712a00000| Complete 
| 249|0x0000000712b00000, 0x0000000712c00000, 0x0000000712c00000|100%| S|CS|TAMS 0x0000000712b00000, 0x0000000712b00000| Complete 
| 250|0x0000000712c00000, 0x0000000712d00000, 0x0000000712d00000|100%| S|CS|TAMS 0x0000000712c00000, 0x0000000712c00000| Complete 
| 251|0x0000000712d00000, 0x0000000712e00000, 0x0000000712e00000|100%| S|CS|TAMS 0x0000000712d00000, 0x0000000712d00000| Complete 
| 252|0x0000000712e00000, 0x0000000712f00000, 0x0000000712f00000|100%| S|CS|TAMS 0x0000000712e00000, 0x0000000712e00000| Complete 
| 253|0x0000000712f00000, 0x0000000713000000, 0x0000000713000000|100%| S|CS|TAMS 0x0000000712f00000, 0x0000000712f00000| Complete 
| 254|0x0000000713000000, 0x0000000713100000, 0x0000000713100000|100%| S|CS|TAMS 0x0000000713000000, 0x0000000713000000| Complete 
| 255|0x0000000713100000, 0x0000000713200000, 0x0000000713200000|100%| S|CS|TAMS 0x0000000713100000, 0x0000000713100000| Complete 
| 256|0x0000000713200000, 0x0000000713300000, 0x0000000713300000|100%| S|CS|TAMS 0x0000000713200000, 0x0000000713200000| Complete 
| 257|0x0000000713300000, 0x0000000713400000, 0x0000000713400000|100%| S|CS|TAMS 0x0000000713300000, 0x0000000713300000| Complete 
| 258|0x0000000713400000, 0x0000000713500000, 0x0000000713500000|100%| S|CS|TAMS 0x0000000713400000, 0x0000000713400000| Complete 
| 259|0x0000000713500000, 0x0000000713600000, 0x0000000713600000|100%| S|CS|TAMS 0x0000000713500000, 0x0000000713500000| Complete 
| 260|0x0000000713600000, 0x0000000713700000, 0x0000000713700000|100%| S|CS|TAMS 0x0000000713600000, 0x0000000713600000| Complete 
| 261|0x0000000713700000, 0x0000000713800000, 0x0000000713800000|100%| E|CS|TAMS 0x0000000713700000, 0x0000000713700000| Complete 
| 262|0x0000000713800000, 0x0000000713900000, 0x0000000713900000|100%| E|CS|TAMS 0x0000000713800000, 0x0000000713800000| Complete 
| 263|0x0000000713900000, 0x0000000713a00000, 0x0000000713a00000|100%| E|CS|TAMS 0x0000000713900000, 0x0000000713900000| Complete 
| 264|0x0000000713a00000, 0x0000000713b00000, 0x0000000713b00000|100%| E|CS|TAMS 0x0000000713a00000, 0x0000000713a00000| Complete 
| 265|0x0000000713b00000, 0x0000000713c00000, 0x0000000713c00000|100%| E|CS|TAMS 0x0000000713b00000, 0x0000000713b00000| Complete 
| 266|0x0000000713c00000, 0x0000000713d00000, 0x0000000713d00000|100%| E|CS|TAMS 0x0000000713c00000, 0x0000000713c00000| Complete 
| 267|0x0000000713d00000, 0x0000000713e00000, 0x0000000713e00000|100%| E|CS|TAMS 0x0000000713d00000, 0x0000000713d00000| Complete 
| 268|0x0000000713e00000, 0x0000000713f00000, 0x0000000713f00000|100%| E|CS|TAMS 0x0000000713e00000, 0x0000000713e00000| Complete 
| 269|0x0000000713f00000, 0x0000000714000000, 0x0000000714000000|100%| E|CS|TAMS 0x0000000713f00000, 0x0000000713f00000| Complete 
| 270|0x0000000714000000, 0x0000000714100000, 0x0000000714100000|100%| E|CS|TAMS 0x0000000714000000, 0x0000000714000000| Complete 
| 271|0x0000000714100000, 0x0000000714200000, 0x0000000714200000|100%| E|CS|TAMS 0x0000000714100000, 0x0000000714100000| Complete 
| 272|0x0000000714200000, 0x0000000714300000, 0x0000000714300000|100%| E|CS|TAMS 0x0000000714200000, 0x0000000714200000| Complete 
| 273|0x0000000714300000, 0x0000000714400000, 0x0000000714400000|100%| E|CS|TAMS 0x0000000714300000, 0x0000000714300000| Complete 
| 274|0x0000000714400000, 0x0000000714500000, 0x0000000714500000|100%| E|CS|TAMS 0x0000000714400000, 0x0000000714400000| Complete 
| 275|0x0000000714500000, 0x0000000714600000, 0x0000000714600000|100%| E|CS|TAMS 0x0000000714500000, 0x0000000714500000| Complete 
| 276|0x0000000714600000, 0x0000000714700000, 0x0000000714700000|100%| E|CS|TAMS 0x0000000714600000, 0x0000000714600000| Complete 
| 277|0x0000000714700000, 0x0000000714800000, 0x0000000714800000|100%| E|CS|TAMS 0x0000000714700000, 0x0000000714700000| Complete 
| 278|0x0000000714800000, 0x0000000714900000, 0x0000000714900000|100%| E|CS|TAMS 0x0000000714800000, 0x0000000714800000| Complete 
| 279|0x0000000714900000, 0x0000000714a00000, 0x0000000714a00000|100%| E|CS|TAMS 0x0000000714900000, 0x0000000714900000| Complete 
| 280|0x0000000714a00000, 0x0000000714b00000, 0x0000000714b00000|100%| E|CS|TAMS 0x0000000714a00000, 0x0000000714a00000| Complete 
| 281|0x0000000714b00000, 0x0000000714c00000, 0x0000000714c00000|100%| E|CS|TAMS 0x0000000714b00000, 0x0000000714b00000| Complete 
| 282|0x0000000714c00000, 0x0000000714d00000, 0x0000000714d00000|100%| E|CS|TAMS 0x0000000714c00000, 0x0000000714c00000| Complete 
| 283|0x0000000714d00000, 0x0000000714e00000, 0x0000000714e00000|100%| E|CS|TAMS 0x0000000714d00000, 0x0000000714d00000| Complete 
| 284|0x0000000714e00000, 0x0000000714f00000, 0x0000000714f00000|100%| E|CS|TAMS 0x0000000714e00000, 0x0000000714e00000| Complete 
| 285|0x0000000714f00000, 0x0000000715000000, 0x0000000715000000|100%| E|CS|TAMS 0x0000000714f00000, 0x0000000714f00000| Complete 
| 286|0x0000000715000000, 0x0000000715100000, 0x0000000715100000|100%| E|CS|TAMS 0x0000000715000000, 0x0000000715000000| Complete 
| 287|0x0000000715100000, 0x0000000715200000, 0x0000000715200000|100%| E|CS|TAMS 0x0000000715100000, 0x0000000715100000| Complete 
| 288|0x0000000715200000, 0x0000000715300000, 0x0000000715300000|100%| E|CS|TAMS 0x0000000715200000, 0x0000000715200000| Complete 
| 289|0x0000000715300000, 0x0000000715400000, 0x0000000715400000|100%| E|CS|TAMS 0x0000000715300000, 0x0000000715300000| Complete 
| 290|0x0000000715400000, 0x0000000715500000, 0x0000000715500000|100%| E|CS|TAMS 0x0000000715400000, 0x0000000715400000| Complete 
| 291|0x0000000715500000, 0x0000000715600000, 0x0000000715600000|100%| E|CS|TAMS 0x0000000715500000, 0x0000000715500000| Complete 
| 292|0x0000000715600000, 0x0000000715700000, 0x0000000715700000|100%| E|CS|TAMS 0x0000000715600000, 0x0000000715600000| Complete 
| 293|0x0000000715700000, 0x0000000715800000, 0x0000000715800000|100%| E|CS|TAMS 0x0000000715700000, 0x0000000715700000| Complete 
| 294|0x0000000715800000, 0x0000000715900000, 0x0000000715900000|100%| E|CS|TAMS 0x0000000715800000, 0x0000000715800000| Complete 
| 295|0x0000000715900000, 0x0000000715a00000, 0x0000000715a00000|100%| E|CS|TAMS 0x0000000715900000, 0x0000000715900000| Complete 
| 296|0x0000000715a00000, 0x0000000715b00000, 0x0000000715b00000|100%| E|CS|TAMS 0x0000000715a00000, 0x0000000715a00000| Complete 
| 297|0x0000000715b00000, 0x0000000715c00000, 0x0000000715c00000|100%| E|CS|TAMS 0x0000000715b00000, 0x0000000715b00000| Complete 
| 298|0x0000000715c00000, 0x0000000715d00000, 0x0000000715d00000|100%| E|CS|TAMS 0x0000000715c00000, 0x0000000715c00000| Complete 
| 299|0x0000000715d00000, 0x0000000715e00000, 0x0000000715e00000|100%| E|CS|TAMS 0x0000000715d00000, 0x0000000715d00000| Complete 
| 300|0x0000000715e00000, 0x0000000715f00000, 0x0000000715f00000|100%| E|CS|TAMS 0x0000000715e00000, 0x0000000715e00000| Complete 
| 301|0x0000000715f00000, 0x0000000716000000, 0x0000000716000000|100%| E|CS|TAMS 0x0000000715f00000, 0x0000000715f00000| Complete 
| 302|0x0000000716000000, 0x0000000716100000, 0x0000000716100000|100%| E|CS|TAMS 0x0000000716000000, 0x0000000716000000| Complete 
| 303|0x0000000716100000, 0x0000000716200000, 0x0000000716200000|100%| E|CS|TAMS 0x0000000716100000, 0x0000000716100000| Complete 
| 304|0x0000000716200000, 0x0000000716300000, 0x0000000716300000|100%| E|CS|TAMS 0x0000000716200000, 0x0000000716200000| Complete 

Card table byte_map: [0x0000016828060000,0x0000016828850000] _byte_map_base: 0x0000016824847000

Marking Bits (Prev, Next): (CMBitMap*) 0x0000016814a9f3a0, (CMBitMap*) 0x0000016814a9f368
 Prev Bits: [0x000001682cf80000, 0x0000016830eb8000)
 Next Bits: [0x0000016829040000, 0x000001682cf78000)

Polling page: 0x00000168141a0000

Metaspace:

Usage:
  Non-class:     56.13 MB capacity,    55.03 MB ( 98%) used,   897.98 KB (  2%) free+waste,   231.75 KB ( <1%) overhead. 
      Class:      9.10 MB capacity,     8.37 MB ( 92%) used,   632.70 KB (  7%) free+waste,   111.69 KB (  1%) overhead. 
       Both:     65.23 MB capacity,    63.40 MB ( 97%) used,     1.49 MB (  2%) free+waste,   343.44 KB ( <1%) overhead. 

Virtual space:
  Non-class space:       58.00 MB reserved,      56.36 MB ( 97%) committed 
      Class space:        1.00 GB reserved,       9.17 MB ( <1%) committed 
             Both:        1.06 GB reserved,      65.54 MB (  6%) committed 

Chunk freelists:
   Non-Class:  5.50 KB
       Class:  0 bytes
        Both:  5.50 KB

CodeHeap 'non-profiled nmethods': size=238336Kb used=8623Kb max_used=8623Kb free=229712Kb
 bounds [0x0000016818c80000, 0x00000168194f0000, 0x0000016827540000]
CodeHeap 'non-nmethods': size=7424Kb used=1340Kb max_used=2450Kb free=6083Kb
 bounds [0x0000016818540000, 0x00000168187b0000, 0x0000016818c80000]
 total_blobs=5605 nmethods=4898 adapters=539
 compilation: enabled
              stopped_count=0, restarted_count=0
 full_count=0

Compilation events (10 events):
Event: 204.905 Thread 0x0000016834347800 4978       1       java.util.concurrent.ScheduledThreadPoolExecutor$DelayedWorkQueue::siftDown (119 bytes)
Event: 204.906 Thread 0x0000016834347800 nmethod 4978 0x00000168194eb090 code [0x00000168194eb2a0, 0x00000168194eb8e0]
Event: 214.845 Thread 0x0000016834347800 4979       1       java.nio.channels.SelectionKey::attachment (5 bytes)
Event: 214.845 Thread 0x0000016834347800 nmethod 4979 0x00000168194ebc90 code [0x00000168194ebe40, 0x00000168194ebf58]
Event: 217.903 Thread 0x0000016834347800 4980       1       java.util.concurrent.locks.AbstractQueuedSynchronizer$ConditionObject::unlinkCancelledWaiters (67 bytes)
Event: 217.903 Thread 0x0000016834347800 nmethod 4980 0x00000168194ec010 code [0x00000168194ec1e0, 0x00000168194ec4d8]
Event: 253.483 Thread 0x0000016834347800 4981       1       org.apache.catalina.util.LifecycleBase::fireLifecycleEvent (56 bytes)
Event: 253.484 Thread 0x0000016834347800 nmethod 4981 0x00000168194ec610 code [0x00000168194ec800, 0x00000168194ecc20]
Event: 253.484 Thread 0x0000016834347800 4982       1       org.apache.catalina.LifecycleEvent::<init> (16 bytes)
Event: 253.484 Thread 0x0000016834347800 nmethod 4982 0x00000168194ecd90 code [0x00000168194ecf60, 0x00000168194ed290]

GC Heap History (10 events):
Event: 2.474 GC heap before
{Heap before GC invocations=5 (full 0):
 garbage-first heap   total 260096K, used 160570K [0x0000000703200000, 0x0000000800000000)
  region size 1024K, 152 young (155648K), 4 survivors (4096K)
 Metaspace       used 32120K, capacity 33208K, committed 33328K, reserved 1079296K
  class space    used 3907K, capacity 4318K, committed 4400K, reserved 1048576K
}
Event: 2.479 GC heap after
{Heap after GC invocations=6 (full 0):
 garbage-first heap   total 260096K, used 12625K [0x0000000703200000, 0x0000000800000000)
  region size 1024K, 6 young (6144K), 6 survivors (6144K)
 Metaspace       used 32120K, capacity 33208K, committed 33328K, reserved 1079296K
  class space    used 3907K, capacity 4318K, committed 4400K, reserved 1048576K
}
Event: 2.747 GC heap before
{Heap before GC invocations=6 (full 0):
 garbage-first heap   total 260096K, used 46417K [0x0000000703200000, 0x0000000800000000)
  region size 1024K, 40 young (40960K), 6 survivors (6144K)
 Metaspace       used 34504K, capacity 35574K, committed 35708K, reserved 1081344K
  class space    used 4250K, capacity 4694K, committed 4784K, reserved 1048576K
}
Event: 2.760 GC heap after
{Heap after GC invocations=7 (full 0):
 garbage-first heap   total 260096K, used 13895K [0x0000000703200000, 0x0000000800000000)
  region size 1024K, 7 young (7168K), 7 survivors (7168K)
 Metaspace       used 34504K, capacity 35574K, committed 35708K, reserved 1081344K
  class space    used 4250K, capacity 4694K, committed 4784K, reserved 1048576K
}
Event: 3.828 GC heap before
{Heap before GC invocations=8 (full 0):
 garbage-first heap   total 260096K, used 161351K [0x0000000703200000, 0x0000000800000000)
  region size 1024K, 152 young (155648K), 7 survivors (7168K)
 Metaspace       used 43108K, capacity 44442K, committed 44540K, reserved 1087488K
  class space    used 5328K, capacity 5864K, committed 5936K, reserved 1048576K
}
Event: 3.836 GC heap after
{Heap after GC invocations=9 (full 0):
 garbage-first heap   total 312320K, used 17347K [0x0000000703200000, 0x0000000800000000)
  region size 1024K, 11 young (11264K), 11 survivors (11264K)
 Metaspace       used 43108K, capacity 44442K, committed 44540K, reserved 1087488K
  class space    used 5328K, capacity 5864K, committed 5936K, reserved 1048576K
}
Event: 5.215 GC heap before
{Heap before GC invocations=9 (full 0):
 garbage-first heap   total 312320K, used 193475K [0x0000000703200000, 0x0000000800000000)
  region size 1024K, 183 young (187392K), 11 survivors (11264K)
 Metaspace       used 55488K, capacity 56909K, committed 57084K, reserved 1097728K
  class space    used 7297K, capacity 7877K, committed 7984K, reserved 1048576K
}
Event: 5.225 GC heap after
{Heap after GC invocations=10 (full 0):
 garbage-first heap   total 312320K, used 19527K [0x0000000703200000, 0x0000000800000000)
  region size 1024K, 13 young (13312K), 13 survivors (13312K)
 Metaspace       used 55488K, capacity 56909K, committed 57084K, reserved 1097728K
  class space    used 7297K, capacity 7877K, committed 7984K, reserved 1048576K
}
Event: 5.561 GC heap before
{Heap before GC invocations=10 (full 0):
 garbage-first heap   total 312320K, used 63559K [0x0000000703200000, 0x0000000800000000)
  region size 1024K, 57 young (58368K), 13 survivors (13312K)
 Metaspace       used 58193K, capacity 59815K, committed 59940K, reserved 1101824K
  class space    used 7668K, capacity 8314K, committed 8368K, reserved 1048576K
}
Event: 5.578 GC heap after
{Heap after GC invocations=11 (full 0):
 garbage-first heap   total 312320K, used 21457K [0x0000000703200000, 0x0000000800000000)
  region size 1024K, 14 young (14336K), 14 survivors (14336K)
 Metaspace       used 58193K, capacity 59815K, committed 59940K, reserved 1101824K
  class space    used 7668K, capacity 8314K, committed 8368K, reserved 1048576K
}

Deoptimization events (0 events):
No events

Classes redefined (2 events):
Event: 218.137 Thread 0x0000016833a31800 redefined class name=com.example.bank_app.controller.PhoneController, count=1
Event: 254.903 Thread 0x0000016833a31800 redefined class name=com.example.bank_app.controller.PhoneController, count=2

Internal exceptions (10 events):
Event: 6.546 Thread 0x0000016814a40000 Exception <a 'java/lang/NoSuchMethodError'{0x0000000711e83988}: java.lang.invoke.DirectMethodHandle$Holder.invokeStaticInit(Ljava/lang/Object;Ljava/lang/Object;Ljava/lang/Object;Ljava/lang/Object;)I> (0x0000000711e83988) thrown at [t:/workspace/open/src/h
Event: 6.831 Thread 0x0000016814a40000 Exception <a 'java/lang/NoSuchMethodError'{0x0000000711150db0}: java.lang.invoke.DirectMethodHandle$Holder.invokeSpecial(Ljava/lang/Object;Ljava/lang/Object;ILjava/lang/Object;ILjava/lang/Object;)Ljava/lang/Object;> (0x0000000711150db0) thrown at [t:/work
Event: 6.832 Thread 0x0000016814a40000 Exception <a 'java/lang/NoSuchMethodError'{0x0000000711158290}: java.lang.invoke.DirectMethodHandle$Holder.invokeStatic(Ljava/lang/Object;Ljava/lang/Object;ILjava/lang/Object;I)Ljava/lang/Object;> (0x0000000711158290) thrown at [t:/workspace/open/src/hots
Event: 6.832 Thread 0x0000016814a40000 Exception <a 'java/lang/NoSuchMethodError'{0x000000071115ba68}: java.lang.invoke.DirectMethodHandle$Holder.invokeSpecial(Ljava/lang/Object;Ljava/lang/Object;Ljava/lang/Object;ILjava/lang/Object;I)Ljava/lang/Object;> (0x000000071115ba68) thrown at [t:/work
Event: 6.835 Thread 0x0000016814a40000 Exception <a 'java/lang/NoSuchMethodError'{0x000000071116f5f8}: java.lang.invoke.DirectMethodHandle$Holder.invokeVirtual(Ljava/lang/Object;Ljava/lang/Object;)V> (0x000000071116f5f8) thrown at [t:/workspace/open/src/hotspot/share/interpreter/linkResolver.c
Event: 23.774 Thread 0x0000016837f97800 Exception <a 'java/lang/ClassCastException'{0x000000070f39e610}: class java.math.BigInteger cannot be cast to class java.lang.Integer (java.math.BigInteger and java.lang.Integer are in module java.base of loader 'bootstrap')> (0x000000070f39e610) thrown a
Event: 27.306 Thread 0x0000016837f97800 Exception <a 'java/lang/reflect/InvocationTargetException'{0x000000070f39eb88}> (0x000000070f39eb88) thrown at [t:/workspace/open/src/hotspot/share/runtime/reflection.cpp, line 1242]
Event: 27.327 Thread 0x0000016837f97800 Exception <a 'java/lang/NoClassDefFoundError'{0x000000070f23b268}: sun/reflect/Reflection> (0x000000070f23b268) thrown at [t:/workspace/open/src/hotspot/share/classfile/systemDictionary.cpp, line 220]
Event: 112.839 Thread 0x0000016837f9e000 Exception <a 'java/lang/ClassCastException'{0x0000000710fb8c10}: class java.math.BigInteger cannot be cast to class java.lang.Integer (java.math.BigInteger and java.lang.Integer are in module java.base of loader 'bootstrap')> (0x0000000710fb8c10) thrown a
Event: 126.568 Thread 0x0000016837f9e000 Exception <a 'java/lang/reflect/InvocationTargetException'{0x0000000710fb9188}> (0x0000000710fb9188) thrown at [t:/workspace/open/src/hotspot/share/runtime/reflection.cpp, line 1242]

Events (10 events):
Event: 254.937 Executing VM operation: GetStackTrace done
Event: 255.076 Executing VM operation: GetFrameCount
Event: 255.077 Executing VM operation: GetFrameCount done
Event: 255.077 Executing VM operation: GetOwnedMonitorInfo
Event: 255.077 Executing VM operation: GetOwnedMonitorInfo done
Event: 255.078 Executing VM operation: GetCurrentContendedMonitor
Event: 255.078 Executing VM operation: GetCurrentContendedMonitor done
Event: 255.091 Executing VM operation: GetFrameLocation
Event: 255.091 Executing VM operation: GetFrameLocation done
Event: 255.091 Executing VM operation: GetOrSetLocal


Dynamic libraries:
0x00007ff7104e0000 - 0x00007ff710525000 	C:\Users\79885\.p2\pool\plugins\org.eclipse.justj.openjdk.hotspot.jre.full.win32.x86_64_11.0.2.v20200815-0835\jre\bin\javaw.exe
0x00007ffa13610000 - 0x00007ffa13805000 	C:\Windows\SYSTEM32\ntdll.dll
0x00007ffa13510000 - 0x00007ffa135ce000 	C:\Windows\System32\KERNEL32.DLL
0x00007ffa11310000 - 0x00007ffa115d8000 	C:\Windows\System32\KERNELBASE.dll
0x00007ffa119b0000 - 0x00007ffa11b50000 	C:\Windows\System32\USER32.dll
0x00007ffa111a0000 - 0x00007ffa111c2000 	C:\Windows\System32\win32u.dll
0x00007ffa12d10000 - 0x00007ffa12d3b000 	C:\Windows\System32\GDI32.dll
0x00007ffa11200000 - 0x00007ffa1130b000 	C:\Windows\System32\gdi32full.dll
0x00007ffa11000000 - 0x00007ffa1109d000 	C:\Windows\System32\msvcp_win.dll
0x00007ffa110a0000 - 0x00007ffa111a0000 	C:\Windows\System32\ucrtbase.dll
0x00007ffa06760000 - 0x00007ffa069fa000 	C:\Windows\WinSxS\amd64_microsoft.windows.common-controls_6595b64144ccf1df_6.0.19041.1110_none_60b5254171f9507e\COMCTL32.dll
0x00007ffa13260000 - 0x00007ffa132fe000 	C:\Windows\System32\msvcrt.dll
0x00007ffa131b0000 - 0x00007ffa131e0000 	C:\Windows\System32\IMM32.DLL
0x00007ff9ea270000 - 0x00007ff9ea286000 	C:\Users\79885\.p2\pool\plugins\org.eclipse.justj.openjdk.hotspot.jre.full.win32.x86_64_11.0.2.v20200815-0835\jre\bin\vcruntime140.dll
0x00007ff9cf220000 - 0x00007ff9cf2ca000 	C:\Users\79885\.p2\pool\plugins\org.eclipse.justj.openjdk.hotspot.jre.full.win32.x86_64_11.0.2.v20200815-0835\jre\bin\msvcp140.dll
0x00007ff976b30000 - 0x00007ff977653000 	C:\Users\79885\.p2\pool\plugins\org.eclipse.justj.openjdk.hotspot.jre.full.win32.x86_64_11.0.2.v20200815-0835\jre\bin\server\jvm.dll
0x00007ffa13460000 - 0x00007ffa1350e000 	C:\Windows\System32\ADVAPI32.dll
0x00007ffa133c0000 - 0x00007ffa1345c000 	C:\Windows\System32\sechost.dll
0x00007ffa12770000 - 0x00007ffa12895000 	C:\Windows\System32\RPCRT4.dll
0x00007ffa118d0000 - 0x00007ffa118d8000 	C:\Windows\System32\PSAPI.DLL
0x00007ffa0a7f0000 - 0x00007ffa0a7fa000 	C:\Windows\SYSTEM32\VERSION.dll
0x00007ffa05cc0000 - 0x00007ffa05ce7000 	C:\Windows\SYSTEM32\WINMM.dll
0x00007ff9f7f90000 - 0x00007ff9f7f99000 	C:\Windows\SYSTEM32\WSOCK32.dll
0x00007ffa12700000 - 0x00007ffa1276b000 	C:\Windows\System32\WS2_32.dll
0x00007ffa0f5d0000 - 0x00007ffa0f5e2000 	C:\Windows\SYSTEM32\kernel.appcore.dll
0x00007ffa0b300000 - 0x00007ffa0b311000 	C:\Users\79885\.p2\pool\plugins\org.eclipse.justj.openjdk.hotspot.jre.full.win32.x86_64_11.0.2.v20200815-0835\jre\bin\verify.dll
0x00007ffa0f040000 - 0x00007ffa0f224000 	C:\Windows\SYSTEM32\DBGHELP.DLL
0x00007ffa08c80000 - 0x00007ffa08cac000 	C:\Windows\SYSTEM32\dbgcore.DLL
0x00007ffa115e0000 - 0x00007ffa11662000 	C:\Windows\System32\bcryptPrimitives.dll
0x00007ff9d9e60000 - 0x00007ff9d9e88000 	C:\Users\79885\.p2\pool\plugins\org.eclipse.justj.openjdk.hotspot.jre.full.win32.x86_64_11.0.2.v20200815-0835\jre\bin\java.dll
0x00007ff9ea990000 - 0x00007ff9ea9c7000 	C:\Users\79885\.p2\pool\plugins\org.eclipse.justj.openjdk.hotspot.jre.full.win32.x86_64_11.0.2.v20200815-0835\jre\bin\jdwp.dll
0x00007ff9dafb0000 - 0x00007ff9dafdf000 	C:\Users\79885\.p2\pool\plugins\org.eclipse.justj.openjdk.hotspot.jre.full.win32.x86_64_11.0.2.v20200815-0835\jre\bin\instrument.dll
0x00007ff9eee30000 - 0x00007ff9eee46000 	C:\Users\79885\.p2\pool\plugins\org.eclipse.justj.openjdk.hotspot.jre.full.win32.x86_64_11.0.2.v20200815-0835\jre\bin\zip.dll
0x00007ffa0c4c0000 - 0x00007ffa0c4ca000 	C:\Users\79885\.p2\pool\plugins\org.eclipse.justj.openjdk.hotspot.jre.full.win32.x86_64_11.0.2.v20200815-0835\jre\bin\jimage.dll
0x00007ffa11f90000 - 0x00007ffa126d4000 	C:\Windows\System32\SHELL32.dll
0x00007ffa0e7e0000 - 0x00007ffa0ef74000 	C:\Windows\SYSTEM32\windows.storage.dll
0x00007ffa11c30000 - 0x00007ffa11f84000 	C:\Windows\System32\combase.dll
0x00007ffa10790000 - 0x00007ffa107bc000 	C:\Windows\SYSTEM32\Wldp.dll
0x00007ffa11790000 - 0x00007ffa1183d000 	C:\Windows\System32\SHCORE.dll
0x00007ffa13200000 - 0x00007ffa13255000 	C:\Windows\System32\shlwapi.dll
0x00007ffa10c70000 - 0x00007ffa10c8f000 	C:\Windows\SYSTEM32\profapi.dll
0x00007ffa0cde0000 - 0x00007ffa0cdea000 	C:\Users\79885\.p2\pool\plugins\org.eclipse.justj.openjdk.hotspot.jre.full.win32.x86_64_11.0.2.v20200815-0835\jre\bin\dt_socket.dll
0x00007ffa104f0000 - 0x00007ffa1055a000 	C:\Windows\System32\mswsock.dll
0x00007ffa101d0000 - 0x00007ffa1029a000 	C:\Windows\SYSTEM32\DNSAPI.dll
0x00007ffa10190000 - 0x00007ffa101cb000 	C:\Windows\SYSTEM32\IPHLPAPI.DLL
0x00007ffa131f0000 - 0x00007ffa131f8000 	C:\Windows\System32\NSI.dll
0x00007ffa083b0000 - 0x00007ffa0842f000 	C:\Windows\System32\fwpuclnt.dll
0x00007ffa111d0000 - 0x00007ffa111f7000 	C:\Windows\System32\bcrypt.dll
0x00007ffa0b480000 - 0x00007ffa0b48a000 	C:\Windows\System32\rasadhlp.dll
0x00007ff9ee260000 - 0x00007ff9ee279000 	C:\Users\79885\.p2\pool\plugins\org.eclipse.justj.openjdk.hotspot.jre.full.win32.x86_64_11.0.2.v20200815-0835\jre\bin\net.dll
0x00007ff9f3610000 - 0x00007ff9f37fc000 	C:\Windows\SYSTEM32\urlmon.dll
0x00007ffa0cf60000 - 0x00007ffa0d069000 	C:\Windows\SYSTEM32\WINHTTP.dll
0x00007ff9f35e0000 - 0x00007ff9f3608000 	C:\Windows\SYSTEM32\srvcli.dll
0x00007ff9f6460000 - 0x00007ff9f6711000 	C:\Windows\SYSTEM32\iertutil.dll
0x00007ffa102f0000 - 0x00007ffa102fc000 	C:\Windows\SYSTEM32\netutils.dll
0x00007ff9ee1e0000 - 0x00007ff9ee1f3000 	C:\Users\79885\.p2\pool\plugins\org.eclipse.justj.openjdk.hotspot.jre.full.win32.x86_64_11.0.2.v20200815-0835\jre\bin\nio.dll
0x00007ffa0b330000 - 0x00007ffa0b339000 	C:\Users\79885\.p2\pool\plugins\org.eclipse.justj.openjdk.hotspot.jre.full.win32.x86_64_11.0.2.v20200815-0835\jre\bin\management.dll
0x00007ffa09730000 - 0x00007ffa0973c000 	C:\Users\79885\.p2\pool\plugins\org.eclipse.justj.openjdk.hotspot.jre.full.win32.x86_64_11.0.2.v20200815-0835\jre\bin\management_ext.dll
0x00007ff9e3a00000 - 0x00007ff9e3a17000 	C:\Windows\system32\napinsp.dll
0x00007ff9e1ab0000 - 0x00007ff9e1acb000 	C:\Windows\system32\pnrpnsp.dll
0x00007ffa0d710000 - 0x00007ffa0d725000 	C:\Windows\system32\wshbth.dll
0x00007ffa0d080000 - 0x00007ffa0d09d000 	C:\Windows\system32\NLAapi.dll
0x00007ff9e1a90000 - 0x00007ff9e1aa2000 	C:\Windows\System32\winrnr.dll
0x00007ffa106e0000 - 0x00007ffa106f8000 	C:\Windows\SYSTEM32\CRYPTSP.dll
0x00007ffa0fe00000 - 0x00007ffa0fe34000 	C:\Windows\system32\rsaenh.dll
0x00007ffa10c30000 - 0x00007ffa10c5e000 	C:\Windows\SYSTEM32\USERENV.dll
0x00007ffa10700000 - 0x00007ffa1070c000 	C:\Windows\SYSTEM32\CRYPTBASE.dll
0x00007ffa08cf0000 - 0x00007ffa08d07000 	C:\Windows\SYSTEM32\dhcpcsvc6.DLL
0x00007ffa08cb0000 - 0x00007ffa08ccd000 	C:\Windows\SYSTEM32\dhcpcsvc.DLL
0x00007ff9d9e30000 - 0x00007ff9d9e57000 	C:\Users\79885\.p2\pool\plugins\org.eclipse.justj.openjdk.hotspot.jre.full.win32.x86_64_11.0.2.v20200815-0835\jre\bin\sunec.dll

dbghelp: loaded successfully - version: 4.0.5 - missing functions: none
symbol engine: initialized successfully - sym options: 0x614 - pdb path: .;C:\Users\79885\.p2\pool\plugins\org.eclipse.justj.openjdk.hotspot.jre.full.win32.x86_64_11.0.2.v20200815-0835\jre\bin;C:\Windows\SYSTEM32;C:\Windows\WinSxS\amd64_microsoft.windows.common-controls_6595b64144ccf1df_6.0.19041.1110_none_60b5254171f9507e;C:\Users\79885\.p2\pool\plugins\org.eclipse.justj.openjdk.hotspot.jre.full.win32.x86_64_11.0.2.v20200815-0835\jre\bin\server

VM Arguments:
jvm_args: -agentlib:jdwp=transport=dt_socket,suspend=y,address=localhost:61137 -Dcom.sun.management.jmxremote -Dcom.sun.management.jmxremote.port=61136 -Dcom.sun.management.jmxremote.authenticate=false -Dcom.sun.management.jmxremote.ssl=false -Djava.rmi.server.hostname=localhost -Dspring.jmx.enabled=true -Dspring.application.admin.enabled=true -XX:TieredStopAtLevel=1 -Dspring.boot.project.name=bankApp -javaagent:C:\Java\Eclipse\eclipse\configuration\org.eclipse.osgi\415\0\.cp\lib\javaagent-shaded.jar -Dfile.encoding=UTF-8 
java_command: com.example.bank_app.BankAppApplication
java_class_path (initial): C:\workspace11\bankApp\target\classes;C:\Java\postgresql\postgresql-42.2.18.jar;C:\Users\79885\.m2\repository\org\postgresql\postgresql\42.2.18\postgresql-42.2.18.jar;C:\Users\79885\.m2\repository\org\checkerframework\checker-qual\3.5.0\checker-qual-3.5.0.jar;C:\Users\79885\.m2\repository\com\fasterxml\jackson\core\jackson-core\2.13.1\jackson-core-2.13.1.jar;C:\Users\79885\.m2\repository\org\springframework\boot\spring-boot-starter\2.6.4\spring-boot-starter-2.6.4.jar;C:\Users\79885\.m2\repository\org\springframework\boot\spring-boot\2.6.4\spring-boot-2.6.4.jar;C:\Users\79885\.m2\repository\org\springframework\boot\spring-boot-autoconfigure\2.6.4\spring-boot-autoconfigure-2.6.4.jar;C:\Users\79885\.m2\repository\org\springframework\boot\spring-boot-starter-logging\2.6.4\spring-boot-starter-logging-2.6.4.jar;C:\Users\79885\.m2\repository\ch\qos\logback\logback-classic\1.2.10\logback-classic-1.2.10.jar;C:\Users\79885\.m2\repository\ch\qos\logback\logback-core\1.2.10\logback-core-1.2.10.jar;C:\Users\79885\.m2\repository\org\apache\logging\log4j\log4j-to-slf4j\2.17.1\log4j-to-slf4j-2.17.1.jar;C:\Users\79885\.m2\repository\org\apache\logging\log4j\log4j-api\2.17.1\log4j-api-2.17.1.jar;C:\Users\79885\.m2\repository\org\slf4j\jul-to-slf4j\1.7.36\jul-to-slf4j-1.7.36.jar;C:\Users\79885\.m2\repository\jakarta\annotation\jakarta.annotation-api\1.3.5\jakarta.annotation-api-1.3.5.jar;C:\Users\79885\.m2\repository\org\yaml\snakeyaml\1.29\snakeyaml-1.29.jar;C:\Users\79885\.m2\repository\jakarta\xml\bind\jakarta.xml.bind-api\2.3.3\jakarta.xml.bind-api-2.3.3.jar;C:\Users\79885\.m2\repository\jakarta\activation\jakarta.activation-api\1.2.2\jakarta.activation-api-1.2.2.jar;C:\Users\79885\.m2\repository\net\bytebuddy\byte-buddy\1.11.22\byte-buddy-1.11.22.jar;C:\Users\79885\.m2\repository\org\springframework\spring-core\5.3.16\spring-core-5.3.16.jar;C:\Users\79885\.m2\repository\org\springframework\spring-jcl\5.3.16\spring-jcl-5.3.16.jar;C:\Users\79885\.m2\rep
Launcher Type: SUN_STANDARD

[Global flags]
     intx CICompilerCount                          = 4                                         {product} {ergonomic}
     uint ConcGCThreads                            = 2                                         {product} {ergonomic}
     uint G1ConcRefinementThreads                  = 8                                         {product} {ergonomic}
   size_t G1HeapRegionSize                         = 1048576                                   {product} {ergonomic}
    uintx GCDrainStackTargetSize                   = 64                                        {product} {ergonomic}
   size_t InitialHeapSize                          = 266338304                                 {product} {ergonomic}
     bool ManagementServer                         = true                                      {product} {command line}
   size_t MarkStackSize                            = 4194304                                   {product} {ergonomic}
   size_t MaxHeapSize                              = 4242538496                                {product} {ergonomic}
   size_t MaxNewSize                               = 2544893952                                {product} {ergonomic}
   size_t MinHeapDeltaBytes                        = 1048576                                   {product} {ergonomic}
    uintx NonNMethodCodeHeapSize                   = 7549744                                {pd product} {ergonomic}
    uintx NonProfiledCodeHeapSize                  = 244108496                              {pd product} {ergonomic}
    uintx ProfiledCodeHeapSize                     = 0                                      {pd product} {ergonomic}
    uintx ReservedCodeCacheSize                    = 251658240                              {pd product} {ergonomic}
     bool SegmentedCodeCache                       = true                                      {product} {ergonomic}
     intx TieredStopAtLevel                        = 1                                         {product} {command line}
     bool UseCompressedClassPointers               = true                                 {lp64_product} {ergonomic}
     bool UseCompressedOops                        = true                                 {lp64_product} {ergonomic}
     bool UseG1GC                                  = true                                      {product} {ergonomic}
     bool UseLargePagesIndividualAllocation        = false                                  {pd product} {ergonomic}

Logging:
Log output configuration:
 #0: stdout all=warning uptime,level,tags
 #1: stderr all=off uptime,level,tags

Environment Variables:
CLASSPATH=.;
PATH=C:\Users\79885\.p2\pool\plugins\org.eclipse.justj.openjdk.hotspot.jre.full.win32.x86_64_11.0.2.v20200815-0835\jre\bin;C:/Users/79885/.p2/pool/plugins/org.eclipse.justj.openjdk.hotspot.jre.full.win32.x86_64_11.0.2.v20200815-0835/jre/bin/server;C:/Users/79885/.p2/pool/plugins/org.eclipse.justj.openjdk.hotspot.jre.full.win32.x86_64_11.0.2.v20200815-0835/jre/bin;C:\Program Files\Common Files\Oracle\Java\javapath;"C:\Program Files\Common Files\Oracle\Java\javapath;C:\Java\JDK_1.11\bin";C:\Java\JDK_1.8\bin;C:\Java\maven\bin;C:\Java\JDK_1.11\bin;C:\Users\79885\Desktop\Ќ®ў п Ї ЇЄ \Ќ®ў п Ї ЇЄ ;
USERNAME=79885
OS=Windows_NT
PROCESSOR_IDENTIFIER=Intel64 Family 6 Model 140 Stepping 1, GenuineIntel



---------------  S Y S T E M  ---------------

OS: Windows 10 , 64 bit Build 19041 (10.0.19041.1566)

CPU:total 8 (initial active 8) (4 cores per cpu, 2 threads per core) family 6 model 140 stepping 1, cmov, cx8, fxsr, mmx, sse, sse2, sse3, ssse3, sse4.1, sse4.2, popcnt, avx, avx2, aes, clmul, erms, 3dnowpref, lzcnt, ht, tsc, tscinvbit, bmi1, bmi2, adx, evex, sha, fma

Memory: 4k page, system-wide physical 16183M (6165M free)
TotalPageFile size 18615M (AvailPageFile size 2271M)
current process WorkingSet (physical memory assigned to process): 370M, peak: 370M
current process commit charge ("private bytes"): 490M, peak: 490M

vm_info: OpenJDK 64-Bit Server VM (11.0.2+9) for windows-amd64 JRE (11.0.2+9), built on Jan 18 2019 05:23:22 by "mach5one" with MS VC++ 15.5 (VS2017)

END.
